  [1m[36m (1.7ms)[0m  [1mCREATE TABLE "schema_migrations" ("version" varchar NOT NULL) [0m
  [1m[35m (0.1ms)[0m  select sqlite_version(*)
  [1m[36m (1.6ms)[0m  [1mCREATE UNIQUE INDEX "unique_schema_migrations" ON "schema_migrations" ("version")[0m
  [1m[35mActiveRecord::SchemaMigration Load (0.1ms)[0m  SELECT "schema_migrations".* FROM "schema_migrations"


Started GET "/" for ::1 at 2015-11-17 17:47:54 -0600
Processing by Rails::WelcomeController#index as HTML
  Rendered /Users/admin/.rvm/gems/ruby-2.1.2/gems/railties-4.2.3/lib/rails/templates/rails/welcome/index.html.erb (2.8ms)
Completed 200 OK in 27ms (Views: 19.4ms | ActiveRecord: 0.0ms)
  [1m[36mActiveRecord::SchemaMigration Load (0.1ms)[0m  [1mSELECT "schema_migrations".* FROM "schema_migrations"[0m
Migrating to CreateStudents (1)
  [1m[35m (0.1ms)[0m  begin transaction
  [1m[36m (0.4ms)[0m  [1mCREATE TABLE "students" ("id" INTEGER PRIMARY KEY AUTOINCREMENT NOT NULL, "first_name" varchar, "last_name" varchar, "created_at" datetime NOT NULL, "updated_at" datetime NOT NULL) [0m
  [1m[35mSQL (0.3ms)[0m  INSERT INTO "schema_migrations" ("version") VALUES (?)  [["version", "1"]]
  [1m[36m (1.4ms)[0m  [1mcommit transaction[0m
  [1m[35mActiveRecord::SchemaMigration Load (0.1ms)[0m  SELECT "schema_migrations".* FROM "schema_migrations"
  [1m[36m (0.1ms)[0m  [1mbegin transaction[0m
  [1m[35mSQL (0.3ms)[0m  INSERT INTO "students" ("first_name", "last_name", "created_at", "updated_at") VALUES (?, ?, ?, ?)  [["first_name", "Jordan"], ["last_name", "Hudgens"], ["created_at", "2015-11-18 00:10:55.545365"], ["updated_at", "2015-11-18 00:10:55.545365"]]
  [1m[36m (2.9ms)[0m  [1mcommit transaction[0m
  [1m[35mStudent Load (0.2ms)[0m  SELECT  "students".* FROM "students"  ORDER BY "students"."id" DESC LIMIT 1
  [1m[36m (0.1ms)[0m  [1mbegin transaction[0m
  [1m[35mSQL (0.3ms)[0m  INSERT INTO "students" ("created_at", "updated_at") VALUES (?, ?)  [["created_at", "2015-11-18 00:17:49.095449"], ["updated_at", "2015-11-18 00:17:49.095449"]]
  [1m[36m (1.2ms)[0m  [1mcommit transaction[0m
  [1m[35mStudent Load (0.2ms)[0m  SELECT  "students".* FROM "students"  ORDER BY "students"."id" DESC LIMIT 1
  [1m[36mActiveRecord::SchemaMigration Load (0.1ms)[0m  [1mSELECT "schema_migrations".* FROM "schema_migrations"[0m
  [1m[35mActiveRecord::SchemaMigration Load (0.1ms)[0m  SELECT "schema_migrations".* FROM "schema_migrations"


Started GET "/" for ::1 at 2015-11-18 13:36:42 -0600
  [1m[36mActiveRecord::SchemaMigration Load (0.1ms)[0m  [1mSELECT "schema_migrations".* FROM "schema_migrations"[0m
Processing by Rails::WelcomeController#index as HTML
  Rendered /Users/admin/.rvm/gems/ruby-2.1.2/gems/railties-4.2.3/lib/rails/templates/rails/welcome/index.html.erb (2.4ms)
Completed 200 OK in 39ms (Views: 24.5ms | ActiveRecord: 0.0ms)


Started GET "/" for ::1 at 2015-11-18 13:37:10 -0600
Processing by Rails::WelcomeController#index as HTML
  Rendered /Users/admin/.rvm/gems/ruby-2.1.2/gems/railties-4.2.3/lib/rails/templates/rails/welcome/index.html.erb (0.0ms)
Completed 200 OK in 1ms (Views: 0.7ms | ActiveRecord: 0.0ms)
  [1m[36mActiveRecord::SchemaMigration Load (0.2ms)[0m  [1mSELECT "schema_migrations".* FROM "schema_migrations"[0m
Migrating to CreateSchoolclasses (2)
  [1m[36mActiveRecord::SchemaMigration Load (0.1ms)[0m  [1mSELECT "schema_migrations".* FROM "schema_migrations"[0m
Migrating to CreateSchoolclasses (2)
  [1m[35m (0.1ms)[0m  begin transaction
  [1m[36m (0.6ms)[0m  [1mCREATE TABLE "schoolclasses" ("id" INTEGER PRIMARY KEY AUTOINCREMENT NOT NULL, "title" varchar, "room_number" integer, "created_at" datetime NOT NULL, "updated_at" datetime NOT NULL) [0m
  [1m[35mSQL (0.2ms)[0m  INSERT INTO "schema_migrations" ("version") VALUES (?)  [["version", "2"]]
  [1m[36m (5.4ms)[0m  [1mcommit transaction[0m
  [1m[35mActiveRecord::SchemaMigration Load (0.1ms)[0m  SELECT "schema_migrations".* FROM "schema_migrations"


Started GET "/students" for ::1 at 2018-04-11 22:38:04 -0400
  [1m[36mActiveRecord::SchemaMigration Load (0.2ms)[0m  [1mSELECT "schema_migrations".* FROM "schema_migrations"[0m
Processing by StudentsController#index as HTML
  Rendered students/index.html.erb within layouts/application (3.5ms)
Completed 200 OK in 563ms (Views: 551.8ms | ActiveRecord: 0.0ms)


Started GET "/students/new" for ::1 at 2018-04-11 22:38:11 -0400
Processing by StudentsController#new as HTML
  Rendered students/new.html.erb within layouts/application (0.7ms)
Completed 500 Internal Server Error in 18ms (ActiveRecord: 0.4ms)

SyntaxError (/Users/JayZonday/Desktop/Flatiron_March/Module_2/rails-form_for-lab-nyc-web-031218/app/views/students/new.html.erb:2: syntax error, unexpected ')', expecting keyword_end
...pend=(form_for(@student) do f );@output_buffer.safe_append='
...                               ^
/Users/JayZonday/Desktop/Flatiron_March/Module_2/rails-form_for-lab-nyc-web-031218/app/views/students/new.html.erb:10: syntax error, unexpected keyword_ensure, expecting ')'
/Users/JayZonday/Desktop/Flatiron_March/Module_2/rails-form_for-lab-nyc-web-031218/app/views/students/new.html.erb:12: syntax error, unexpected keyword_end, expecting ')'):
  app/views/students/new.html.erb:2: syntax error, unexpected ')', expecting keyword_end
  app/views/students/new.html.erb:10: syntax error, unexpected keyword_ensure, expecting ')'
  app/views/students/new.html.erb:12: syntax error, unexpected keyword_end, expecting ')'


  Rendered /Users/JayZonday/.rvm/gems/ruby-2.3.3/gems/actionpack-4.2.10/lib/action_dispatch/middleware/templates/rescues/_source.erb (7.5ms)
  Rendered /Users/JayZonday/.rvm/gems/ruby-2.3.3/gems/actionpack-4.2.10/lib/action_dispatch/middleware/templates/rescues/_trace.html.erb (3.9ms)
  Rendered /Users/JayZonday/.rvm/gems/ruby-2.3.3/gems/actionpack-4.2.10/lib/action_dispatch/middleware/templates/rescues/_request_and_response.html.erb (1.0ms)
  Rendered /Users/JayZonday/.rvm/gems/ruby-2.3.3/gems/actionpack-4.2.10/lib/action_dispatch/middleware/templates/rescues/diagnostics.html.erb within rescues/layout (123.5ms)


Started GET "/students/new" for ::1 at 2018-04-11 22:40:34 -0400

SyntaxError (/Users/JayZonday/Desktop/Flatiron_March/Module_2/rails-form_for-lab-nyc-web-031218/app/controllers/students_controller.rb:14: syntax error, unexpected ')', expecting keyword_end
/Users/JayZonday/Desktop/Flatiron_March/Module_2/rails-form_for-lab-nyc-web-031218/app/controllers/students_controller.rb:28: syntax error, unexpected end-of-input, expecting keyword_end):
  app/controllers/students_controller.rb:14: syntax error, unexpected ')', expecting keyword_end
  app/controllers/students_controller.rb:28: syntax error, unexpected end-of-input, expecting keyword_end


  Rendered /Users/JayZonday/.rvm/gems/ruby-2.3.3/gems/actionpack-4.2.10/lib/action_dispatch/middleware/templates/rescues/_source.erb (4.8ms)
  Rendered /Users/JayZonday/.rvm/gems/ruby-2.3.3/gems/actionpack-4.2.10/lib/action_dispatch/middleware/templates/rescues/_trace.html.erb (5.2ms)
  Rendered /Users/JayZonday/.rvm/gems/ruby-2.3.3/gems/actionpack-4.2.10/lib/action_dispatch/middleware/templates/rescues/_request_and_response.html.erb (1.2ms)
  Rendered /Users/JayZonday/.rvm/gems/ruby-2.3.3/gems/actionpack-4.2.10/lib/action_dispatch/middleware/templates/rescues/diagnostics.html.erb within rescues/layout (123.7ms)


Started GET "/students/new" for ::1 at 2018-04-11 22:43:21 -0400
Processing by StudentsController#new as HTML
  Rendered students/new.html.erb within layouts/application (18.7ms)
Completed 200 OK in 47ms (Views: 41.7ms | ActiveRecord: 0.6ms)


Started POST "/students" for ::1 at 2018-04-11 22:43:29 -0400
Processing by StudentsController#create as HTML
  Parameters: {"utf8"=>"✓", "authenticity_token"=>"4RUNmsbztWAqJhcd4qtrlWs4lz1BZ/kSu5MvXOBaw/yJzd9Qqqbipnl9Z9nMnkriFlvrUPVB5oRGi+/A90btCw==", "student"=>{"first_name"=>"Joe", "last_name"=>"M"}, "commit"=>"Create Student"}
Completed 500 Internal Server Error in 3ms (ActiveRecord: 0.0ms)

NoMethodError (undefined method `update' for nil:NilClass):
  app/controllers/students_controller.rb:25:in `student_params'
  app/controllers/students_controller.rb:14:in `create'


  Rendered /Users/JayZonday/.rvm/gems/ruby-2.3.3/gems/actionpack-4.2.10/lib/action_dispatch/middleware/templates/rescues/_source.erb (6.0ms)
  Rendered /Users/JayZonday/.rvm/gems/ruby-2.3.3/gems/actionpack-4.2.10/lib/action_dispatch/middleware/templates/rescues/_trace.html.erb (4.4ms)
  Rendered /Users/JayZonday/.rvm/gems/ruby-2.3.3/gems/actionpack-4.2.10/lib/action_dispatch/middleware/templates/rescues/_request_and_response.html.erb (1.3ms)
  Rendered /Users/JayZonday/.rvm/gems/ruby-2.3.3/gems/actionpack-4.2.10/lib/action_dispatch/middleware/templates/rescues/diagnostics.html.erb within rescues/layout (122.4ms)


Started GET "/students/new" for ::1 at 2018-04-11 22:44:36 -0400
Processing by StudentsController#new as HTML
  Rendered students/new.html.erb within layouts/application (1.7ms)
Completed 200 OK in 36ms (Views: 26.3ms | ActiveRecord: 1.2ms)


Started POST "/students" for ::1 at 2018-04-11 22:44:42 -0400
Processing by StudentsController#create as HTML
  Parameters: {"utf8"=>"✓", "authenticity_token"=>"I94gz7hy4D8LzvYXxA45SrpIQroa22o397DYrER8KMpLBvIF1Ce3+ViVhtPqOxg9xys+1679daEKqBgwU2AGPQ==", "student"=>{"first_name"=>"J", "last_name"=>"M"}, "commit"=>"Create Student"}
Completed 500 Internal Server Error in 3ms (ActiveRecord: 0.0ms)

NoMethodError (undefined method `update' for nil:NilClass):
  app/controllers/students_controller.rb:26:in `student_params'
  app/controllers/students_controller.rb:14:in `create'


  Rendered /Users/JayZonday/.rvm/gems/ruby-2.3.3/gems/actionpack-4.2.10/lib/action_dispatch/middleware/templates/rescues/_source.erb (4.7ms)
  Rendered /Users/JayZonday/.rvm/gems/ruby-2.3.3/gems/actionpack-4.2.10/lib/action_dispatch/middleware/templates/rescues/_trace.html.erb (3.1ms)
  Rendered /Users/JayZonday/.rvm/gems/ruby-2.3.3/gems/actionpack-4.2.10/lib/action_dispatch/middleware/templates/rescues/_request_and_response.html.erb (1.1ms)
  Rendered /Users/JayZonday/.rvm/gems/ruby-2.3.3/gems/actionpack-4.2.10/lib/action_dispatch/middleware/templates/rescues/diagnostics.html.erb within rescues/layout (122.0ms)


Started GET "/students/new" for ::1 at 2018-04-11 22:45:04 -0400
Processing by StudentsController#new as HTML
  Rendered students/new.html.erb within layouts/application (1.9ms)
Completed 200 OK in 51ms (Views: 38.0ms | ActiveRecord: 2.5ms)


Started POST "/students" for ::1 at 2018-04-11 22:45:10 -0400
Processing by StudentsController#create as HTML
  Parameters: {"utf8"=>"✓", "authenticity_token"=>"vu4ROOD7zWP+5iR4XHEeg32N67F3SUc4piExkWw8r1bWNsPyjK6apa29VLxyRD/0AO6X3MNvWK5bOfENeyCBoQ==", "student"=>{"first_name"=>"j", "last_name"=>"m"}, "commit"=>"Create Student"}
Completed 500 Internal Server Error in 4ms (ActiveRecord: 0.0ms)

NoMethodError (undefined method `update' for nil:NilClass):
  app/controllers/students_controller.rb:23:in `student_params'
  app/controllers/students_controller.rb:14:in `create'


  Rendered /Users/JayZonday/.rvm/gems/ruby-2.3.3/gems/actionpack-4.2.10/lib/action_dispatch/middleware/templates/rescues/_source.erb (5.2ms)
  Rendered /Users/JayZonday/.rvm/gems/ruby-2.3.3/gems/actionpack-4.2.10/lib/action_dispatch/middleware/templates/rescues/_trace.html.erb (4.2ms)
  Rendered /Users/JayZonday/.rvm/gems/ruby-2.3.3/gems/actionpack-4.2.10/lib/action_dispatch/middleware/templates/rescues/_request_and_response.html.erb (1.2ms)
  Rendered /Users/JayZonday/.rvm/gems/ruby-2.3.3/gems/actionpack-4.2.10/lib/action_dispatch/middleware/templates/rescues/diagnostics.html.erb within rescues/layout (133.0ms)


Started GET "/students/new" for ::1 at 2018-04-11 22:45:39 -0400

SyntaxError (/Users/JayZonday/Desktop/Flatiron_March/Module_2/rails-form_for-lab-nyc-web-031218/app/controllers/students_controller.rb:23: syntax error, unexpected ')', expecting keyword_end):
  app/controllers/students_controller.rb:23: syntax error, unexpected ')', expecting keyword_end


  Rendered /Users/JayZonday/.rvm/gems/ruby-2.3.3/gems/actionpack-4.2.10/lib/action_dispatch/middleware/templates/rescues/_source.erb (5.3ms)
  Rendered /Users/JayZonday/.rvm/gems/ruby-2.3.3/gems/actionpack-4.2.10/lib/action_dispatch/middleware/templates/rescues/_trace.html.erb (3.8ms)
  Rendered /Users/JayZonday/.rvm/gems/ruby-2.3.3/gems/actionpack-4.2.10/lib/action_dispatch/middleware/templates/rescues/_request_and_response.html.erb (1.3ms)
  Rendered /Users/JayZonday/.rvm/gems/ruby-2.3.3/gems/actionpack-4.2.10/lib/action_dispatch/middleware/templates/rescues/diagnostics.html.erb within rescues/layout (115.5ms)


Started GET "/students/new" for ::1 at 2018-04-11 22:45:41 -0400

SyntaxError (/Users/JayZonday/Desktop/Flatiron_March/Module_2/rails-form_for-lab-nyc-web-031218/app/controllers/students_controller.rb:23: syntax error, unexpected ')', expecting keyword_end):
  app/controllers/students_controller.rb:23: syntax error, unexpected ')', expecting keyword_end


  Rendered /Users/JayZonday/.rvm/gems/ruby-2.3.3/gems/actionpack-4.2.10/lib/action_dispatch/middleware/templates/rescues/_source.erb (5.1ms)
  Rendered /Users/JayZonday/.rvm/gems/ruby-2.3.3/gems/actionpack-4.2.10/lib/action_dispatch/middleware/templates/rescues/_trace.html.erb (3.2ms)
  Rendered /Users/JayZonday/.rvm/gems/ruby-2.3.3/gems/actionpack-4.2.10/lib/action_dispatch/middleware/templates/rescues/_request_and_response.html.erb (1.2ms)
  Rendered /Users/JayZonday/.rvm/gems/ruby-2.3.3/gems/actionpack-4.2.10/lib/action_dispatch/middleware/templates/rescues/diagnostics.html.erb within rescues/layout (117.2ms)


Started GET "/students/new" for ::1 at 2018-04-11 22:45:59 -0400

SyntaxError (/Users/JayZonday/Desktop/Flatiron_March/Module_2/rails-form_for-lab-nyc-web-031218/app/controllers/students_controller.rb:23: syntax error, unexpected ')', expecting keyword_end):
  app/controllers/students_controller.rb:23: syntax error, unexpected ')', expecting keyword_end


  Rendered /Users/JayZonday/.rvm/gems/ruby-2.3.3/gems/actionpack-4.2.10/lib/action_dispatch/middleware/templates/rescues/_source.erb (5.1ms)
  Rendered /Users/JayZonday/.rvm/gems/ruby-2.3.3/gems/actionpack-4.2.10/lib/action_dispatch/middleware/templates/rescues/_trace.html.erb (2.4ms)
  Rendered /Users/JayZonday/.rvm/gems/ruby-2.3.3/gems/actionpack-4.2.10/lib/action_dispatch/middleware/templates/rescues/_request_and_response.html.erb (1.2ms)
  Rendered /Users/JayZonday/.rvm/gems/ruby-2.3.3/gems/actionpack-4.2.10/lib/action_dispatch/middleware/templates/rescues/diagnostics.html.erb within rescues/layout (117.1ms)


Started GET "/students" for ::1 at 2018-04-11 22:46:02 -0400

SyntaxError (/Users/JayZonday/Desktop/Flatiron_March/Module_2/rails-form_for-lab-nyc-web-031218/app/controllers/students_controller.rb:23: syntax error, unexpected ')', expecting keyword_end):
  app/controllers/students_controller.rb:23: syntax error, unexpected ')', expecting keyword_end


  Rendered /Users/JayZonday/.rvm/gems/ruby-2.3.3/gems/actionpack-4.2.10/lib/action_dispatch/middleware/templates/rescues/_source.erb (4.2ms)
  Rendered /Users/JayZonday/.rvm/gems/ruby-2.3.3/gems/actionpack-4.2.10/lib/action_dispatch/middleware/templates/rescues/_trace.html.erb (3.2ms)
  Rendered /Users/JayZonday/.rvm/gems/ruby-2.3.3/gems/actionpack-4.2.10/lib/action_dispatch/middleware/templates/rescues/_request_and_response.html.erb (1.7ms)
  Rendered /Users/JayZonday/.rvm/gems/ruby-2.3.3/gems/actionpack-4.2.10/lib/action_dispatch/middleware/templates/rescues/diagnostics.html.erb within rescues/layout (118.0ms)


Started GET "/students/new" for ::1 at 2018-04-11 22:46:08 -0400

SyntaxError (/Users/JayZonday/Desktop/Flatiron_March/Module_2/rails-form_for-lab-nyc-web-031218/app/controllers/students_controller.rb:23: syntax error, unexpected ')', expecting keyword_end):
  app/controllers/students_controller.rb:23: syntax error, unexpected ')', expecting keyword_end


  Rendered /Users/JayZonday/.rvm/gems/ruby-2.3.3/gems/actionpack-4.2.10/lib/action_dispatch/middleware/templates/rescues/_source.erb (4.6ms)
  Rendered /Users/JayZonday/.rvm/gems/ruby-2.3.3/gems/actionpack-4.2.10/lib/action_dispatch/middleware/templates/rescues/_trace.html.erb (2.9ms)
  Rendered /Users/JayZonday/.rvm/gems/ruby-2.3.3/gems/actionpack-4.2.10/lib/action_dispatch/middleware/templates/rescues/_request_and_response.html.erb (2.0ms)
  Rendered /Users/JayZonday/.rvm/gems/ruby-2.3.3/gems/actionpack-4.2.10/lib/action_dispatch/middleware/templates/rescues/diagnostics.html.erb within rescues/layout (122.5ms)


Started GET "/students/new" for ::1 at 2018-04-11 22:46:27 -0400

SyntaxError (/Users/JayZonday/Desktop/Flatiron_March/Module_2/rails-form_for-lab-nyc-web-031218/app/controllers/students_controller.rb:23: syntax error, unexpected ')', expecting keyword_end):
  app/controllers/students_controller.rb:23: syntax error, unexpected ')', expecting keyword_end


  Rendered /Users/JayZonday/.rvm/gems/ruby-2.3.3/gems/actionpack-4.2.10/lib/action_dispatch/middleware/templates/rescues/_source.erb (6.3ms)
  Rendered /Users/JayZonday/.rvm/gems/ruby-2.3.3/gems/actionpack-4.2.10/lib/action_dispatch/middleware/templates/rescues/_trace.html.erb (2.9ms)
  Rendered /Users/JayZonday/.rvm/gems/ruby-2.3.3/gems/actionpack-4.2.10/lib/action_dispatch/middleware/templates/rescues/_request_and_response.html.erb (1.2ms)
  Rendered /Users/JayZonday/.rvm/gems/ruby-2.3.3/gems/actionpack-4.2.10/lib/action_dispatch/middleware/templates/rescues/diagnostics.html.erb within rescues/layout (114.3ms)


Started GET "/students/new" for ::1 at 2018-04-11 22:46:28 -0400

SyntaxError (/Users/JayZonday/Desktop/Flatiron_March/Module_2/rails-form_for-lab-nyc-web-031218/app/controllers/students_controller.rb:23: syntax error, unexpected ')', expecting keyword_end):
  app/controllers/students_controller.rb:23: syntax error, unexpected ')', expecting keyword_end


  Rendered /Users/JayZonday/.rvm/gems/ruby-2.3.3/gems/actionpack-4.2.10/lib/action_dispatch/middleware/templates/rescues/_source.erb (5.6ms)
  Rendered /Users/JayZonday/.rvm/gems/ruby-2.3.3/gems/actionpack-4.2.10/lib/action_dispatch/middleware/templates/rescues/_trace.html.erb (3.1ms)
  Rendered /Users/JayZonday/.rvm/gems/ruby-2.3.3/gems/actionpack-4.2.10/lib/action_dispatch/middleware/templates/rescues/_request_and_response.html.erb (1.4ms)
  Rendered /Users/JayZonday/.rvm/gems/ruby-2.3.3/gems/actionpack-4.2.10/lib/action_dispatch/middleware/templates/rescues/diagnostics.html.erb within rescues/layout (115.3ms)


Started GET "/students/new" for ::1 at 2018-04-11 22:46:40 -0400
  [1m[36mActiveRecord::SchemaMigration Load (0.1ms)[0m  [1mSELECT "schema_migrations".* FROM "schema_migrations"[0m

SyntaxError (/Users/JayZonday/Desktop/Flatiron_March/Module_2/rails-form_for-lab-nyc-web-031218/app/controllers/students_controller.rb:23: syntax error, unexpected ')', expecting keyword_end):
  app/controllers/students_controller.rb:23: syntax error, unexpected ')', expecting keyword_end


  Rendered /Users/JayZonday/.rvm/gems/ruby-2.3.3/gems/actionpack-4.2.10/lib/action_dispatch/middleware/templates/rescues/_source.erb (4.9ms)
  Rendered /Users/JayZonday/.rvm/gems/ruby-2.3.3/gems/actionpack-4.2.10/lib/action_dispatch/middleware/templates/rescues/_trace.html.erb (3.6ms)
  Rendered /Users/JayZonday/.rvm/gems/ruby-2.3.3/gems/actionpack-4.2.10/lib/action_dispatch/middleware/templates/rescues/_request_and_response.html.erb (11.6ms)
  Rendered /Users/JayZonday/.rvm/gems/ruby-2.3.3/gems/actionpack-4.2.10/lib/action_dispatch/middleware/templates/rescues/diagnostics.html.erb within rescues/layout (131.3ms)


Started GET "/students/new" for ::1 at 2018-04-11 22:46:41 -0400

SyntaxError (/Users/JayZonday/Desktop/Flatiron_March/Module_2/rails-form_for-lab-nyc-web-031218/app/controllers/students_controller.rb:23: syntax error, unexpected ')', expecting keyword_end):
  app/controllers/students_controller.rb:23: syntax error, unexpected ')', expecting keyword_end


  Rendered /Users/JayZonday/.rvm/gems/ruby-2.3.3/gems/actionpack-4.2.10/lib/action_dispatch/middleware/templates/rescues/_source.erb (5.0ms)
  Rendered /Users/JayZonday/.rvm/gems/ruby-2.3.3/gems/actionpack-4.2.10/lib/action_dispatch/middleware/templates/rescues/_trace.html.erb (2.8ms)
  Rendered /Users/JayZonday/.rvm/gems/ruby-2.3.3/gems/actionpack-4.2.10/lib/action_dispatch/middleware/templates/rescues/_request_and_response.html.erb (1.2ms)
  Rendered /Users/JayZonday/.rvm/gems/ruby-2.3.3/gems/actionpack-4.2.10/lib/action_dispatch/middleware/templates/rescues/diagnostics.html.erb within rescues/layout (111.7ms)


Started GET "/students/new" for ::1 at 2018-04-11 22:48:12 -0400

SyntaxError (/Users/JayZonday/Desktop/Flatiron_March/Module_2/rails-form_for-lab-nyc-web-031218/app/controllers/students_controller.rb:23: syntax error, unexpected ')', expecting keyword_end):
  app/controllers/students_controller.rb:23: syntax error, unexpected ')', expecting keyword_end


  Rendered /Users/JayZonday/.rvm/gems/ruby-2.3.3/gems/actionpack-4.2.10/lib/action_dispatch/middleware/templates/rescues/_source.erb (6.0ms)
  Rendered /Users/JayZonday/.rvm/gems/ruby-2.3.3/gems/actionpack-4.2.10/lib/action_dispatch/middleware/templates/rescues/_trace.html.erb (2.6ms)
  Rendered /Users/JayZonday/.rvm/gems/ruby-2.3.3/gems/actionpack-4.2.10/lib/action_dispatch/middleware/templates/rescues/_request_and_response.html.erb (1.7ms)
  Rendered /Users/JayZonday/.rvm/gems/ruby-2.3.3/gems/actionpack-4.2.10/lib/action_dispatch/middleware/templates/rescues/diagnostics.html.erb within rescues/layout (124.5ms)


Started GET "/students" for ::1 at 2018-04-11 22:53:37 -0400
  [1m[36mActiveRecord::SchemaMigration Load (0.1ms)[0m  [1mSELECT "schema_migrations".* FROM "schema_migrations"[0m
Processing by StudentsController#index as HTML
  Rendered students/index.html.erb within layouts/application (1.4ms)
Completed 200 OK in 274ms (Views: 263.8ms | ActiveRecord: 0.0ms)


Started GET "/students/new" for ::1 at 2018-04-11 22:53:42 -0400
Processing by StudentsController#new as HTML
  Rendered students/new.html.erb within layouts/application (20.8ms)
Completed 200 OK in 62ms (Views: 48.2ms | ActiveRecord: 0.9ms)


Started POST "/students" for ::1 at 2018-04-11 22:53:47 -0400
Processing by StudentsController#create as HTML
  Parameters: {"utf8"=>"✓", "authenticity_token"=>"I7hyrOwAagD93N9Dj7VXB824xBciqcw7Ifejc+YTuahLYKBmgFU9xq6Hr4ehgHZwsNu4epaP063c72Pv8Q+XXw==", "student"=>{"first_name"=>"j", "last_name"=>"m"}, "commit"=>"Create Student"}
Completed 500 Internal Server Error in 5ms (ActiveRecord: 0.0ms)

NoMethodError (undefined method `create' for nil:NilClass):
  app/controllers/students_controller.rb:8:in `create'


  Rendered /Users/JayZonday/.rvm/gems/ruby-2.3.3/gems/actionpack-4.2.10/lib/action_dispatch/middleware/templates/rescues/_source.erb (6.2ms)
  Rendered /Users/JayZonday/.rvm/gems/ruby-2.3.3/gems/actionpack-4.2.10/lib/action_dispatch/middleware/templates/rescues/_trace.html.erb (3.8ms)
  Rendered /Users/JayZonday/.rvm/gems/ruby-2.3.3/gems/actionpack-4.2.10/lib/action_dispatch/middleware/templates/rescues/_request_and_response.html.erb (1.0ms)
  Rendered /Users/JayZonday/.rvm/gems/ruby-2.3.3/gems/actionpack-4.2.10/lib/action_dispatch/middleware/templates/rescues/diagnostics.html.erb within rescues/layout (121.3ms)


Started GET "/students/new" for ::1 at 2018-04-11 22:54:57 -0400
Processing by StudentsController#new as HTML
  Rendered students/new.html.erb within layouts/application (1.7ms)
Completed 200 OK in 42ms (Views: 31.9ms | ActiveRecord: 0.8ms)


Started POST "/students" for ::1 at 2018-04-11 22:55:03 -0400
Processing by StudentsController#create as HTML
  Parameters: {"utf8"=>"✓", "authenticity_token"=>"0NQY7rbDfI5mEpY39d7paMLwIYpkqsOHmVk3hXajZ5K4DMok2pYrSDVJ5vPb68gfv5Nd59CM3BFkQfcZYb9JZQ==", "student"=>{"first_name"=>"m", "last_name"=>"j"}, "commit"=>"Create Student"}
Completed 500 Internal Server Error in 3ms (ActiveRecord: 0.0ms)

NoMethodError (undefined method `create' for nil:NilClass):
  app/controllers/students_controller.rb:8:in `create'


  Rendered /Users/JayZonday/.rvm/gems/ruby-2.3.3/gems/actionpack-4.2.10/lib/action_dispatch/middleware/templates/rescues/_source.erb (4.8ms)
  Rendered /Users/JayZonday/.rvm/gems/ruby-2.3.3/gems/actionpack-4.2.10/lib/action_dispatch/middleware/templates/rescues/_trace.html.erb (3.3ms)
  Rendered /Users/JayZonday/.rvm/gems/ruby-2.3.3/gems/actionpack-4.2.10/lib/action_dispatch/middleware/templates/rescues/_request_and_response.html.erb (1.1ms)
  Rendered /Users/JayZonday/.rvm/gems/ruby-2.3.3/gems/actionpack-4.2.10/lib/action_dispatch/middleware/templates/rescues/diagnostics.html.erb within rescues/layout (117.5ms)


Started GET "/students/new" for ::1 at 2018-04-11 23:02:27 -0400
Processing by StudentsController#new as HTML
  Rendered students/new.html.erb within layouts/application (1.6ms)
Completed 200 OK in 41ms (Views: 28.6ms | ActiveRecord: 1.7ms)


Started POST "/students" for ::1 at 2018-04-11 23:02:32 -0400
Processing by StudentsController#create as HTML
  Parameters: {"utf8"=>"✓", "authenticity_token"=>"SH/ABJZq0dZv0YPolK9xtBvGJRfmCEBKLurYvjRwDtsgpxLO+j+GEDyK8yy6mlDDZqVZelIuX9zT8hgiI2wgLA==", "student"=>{"first_name"=>"g", "last_name"=>"f"}, "commit"=>"Create Student"}
Completed 500 Internal Server Error in 17ms (ActiveRecord: 0.0ms)

NoMethodError (undefined method `post_params' for #<StudentsController:0x007fe8215cb2a8>
Did you mean?  to_param):
  app/controllers/students_controller.rb:8:in `create'


  Rendered /Users/JayZonday/.rvm/gems/ruby-2.3.3/gems/actionpack-4.2.10/lib/action_dispatch/middleware/templates/rescues/_source.erb (5.4ms)
  Rendered /Users/JayZonday/.rvm/gems/ruby-2.3.3/gems/actionpack-4.2.10/lib/action_dispatch/middleware/templates/rescues/_trace.html.erb (2.8ms)
  Rendered /Users/JayZonday/.rvm/gems/ruby-2.3.3/gems/actionpack-4.2.10/lib/action_dispatch/middleware/templates/rescues/_request_and_response.html.erb (1.0ms)
  Rendered /Users/JayZonday/.rvm/gems/ruby-2.3.3/gems/actionpack-4.2.10/lib/action_dispatch/middleware/templates/rescues/diagnostics.html.erb within rescues/layout (127.3ms)


Started GET "/students./new" for ::1 at 2018-04-11 23:03:28 -0400

ActionController::RoutingError (No route matches [GET] "/students./new"):
  actionpack (4.2.10) lib/action_dispatch/middleware/debug_exceptions.rb:21:in `call'
  actionpack (4.2.10) lib/action_dispatch/middleware/show_exceptions.rb:30:in `call'
  railties (4.2.10) lib/rails/rack/logger.rb:38:in `call_app'
  railties (4.2.10) lib/rails/rack/logger.rb:20:in `block in call'
  activesupport (4.2.10) lib/active_support/tagged_logging.rb:68:in `block in tagged'
  activesupport (4.2.10) lib/active_support/tagged_logging.rb:26:in `tagged'
  activesupport (4.2.10) lib/active_support/tagged_logging.rb:68:in `tagged'
  railties (4.2.10) lib/rails/rack/logger.rb:20:in `call'
  actionpack (4.2.10) lib/action_dispatch/middleware/request_id.rb:21:in `call'
  rack (1.6.9) lib/rack/methodoverride.rb:22:in `call'
  rack (1.6.9) lib/rack/runtime.rb:18:in `call'
  activesupport (4.2.10) lib/active_support/cache/strategy/local_cache_middleware.rb:28:in `call'
  rack (1.6.9) lib/rack/lock.rb:17:in `call'
  actionpack (4.2.10) lib/action_dispatch/middleware/static.rb:120:in `call'
  rack (1.6.9) lib/rack/sendfile.rb:113:in `call'
  railties (4.2.10) lib/rails/engine.rb:518:in `call'
  railties (4.2.10) lib/rails/application.rb:165:in `call'
  rack (1.6.9) lib/rack/lock.rb:17:in `call'
  rack (1.6.9) lib/rack/content_length.rb:15:in `call'
  rack (1.6.9) lib/rack/handler/webrick.rb:88:in `service'
  /Users/JayZonday/.rvm/rubies/ruby-2.3.3/lib/ruby/2.3.0/webrick/httpserver.rb:140:in `service'
  /Users/JayZonday/.rvm/rubies/ruby-2.3.3/lib/ruby/2.3.0/webrick/httpserver.rb:96:in `run'
  /Users/JayZonday/.rvm/rubies/ruby-2.3.3/lib/ruby/2.3.0/webrick/server.rb:296:in `block in start_thread'


  Rendered /Users/JayZonday/.rvm/gems/ruby-2.3.3/gems/actionpack-4.2.10/lib/action_dispatch/middleware/templates/rescues/_trace.html.erb (2.1ms)
  Rendered /Users/JayZonday/.rvm/gems/ruby-2.3.3/gems/actionpack-4.2.10/lib/action_dispatch/middleware/templates/routes/_route.html.erb (1.9ms)
  Rendered /Users/JayZonday/.rvm/gems/ruby-2.3.3/gems/actionpack-4.2.10/lib/action_dispatch/middleware/templates/routes/_table.html.erb (5.5ms)
  Rendered /Users/JayZonday/.rvm/gems/ruby-2.3.3/gems/actionpack-4.2.10/lib/action_dispatch/middleware/templates/rescues/_request_and_response.html.erb (1.6ms)
  Rendered /Users/JayZonday/.rvm/gems/ruby-2.3.3/gems/actionpack-4.2.10/lib/action_dispatch/middleware/templates/rescues/routing_error.html.erb within rescues/layout (161.4ms)


Started GET "/students/new" for ::1 at 2018-04-11 23:03:32 -0400
Processing by StudentsController#new as HTML
  Rendered students/new.html.erb within layouts/application (4.0ms)
Completed 200 OK in 44ms (Views: 36.1ms | ActiveRecord: 0.7ms)


Started POST "/students" for ::1 at 2018-04-11 23:03:38 -0400
Processing by StudentsController#create as HTML
  Parameters: {"utf8"=>"✓", "authenticity_token"=>"eGG9TYTweNehe29FsHF/UWtbAJpyjfu20fbG+yyVn3wQuW+H6KUvEfIgH4GeRF4mFjh898ar5CAs7gZnO4mxiw==", "student"=>{"first_name"=>"g", "last_name"=>"g"}, "commit"=>"Create Student"}
Completed 500 Internal Server Error in 2ms (ActiveRecord: 0.0ms)

ArgumentError (wrong number of arguments (given 2, expected 0)):
  app/controllers/students_controller.rb:17:in `student_params'
  app/controllers/students_controller.rb:8:in `create'


  Rendered /Users/JayZonday/.rvm/gems/ruby-2.3.3/gems/actionpack-4.2.10/lib/action_dispatch/middleware/templates/rescues/_source.erb (5.3ms)
  Rendered /Users/JayZonday/.rvm/gems/ruby-2.3.3/gems/actionpack-4.2.10/lib/action_dispatch/middleware/templates/rescues/_trace.html.erb (3.9ms)
  Rendered /Users/JayZonday/.rvm/gems/ruby-2.3.3/gems/actionpack-4.2.10/lib/action_dispatch/middleware/templates/rescues/_request_and_response.html.erb (1.0ms)
  Rendered /Users/JayZonday/.rvm/gems/ruby-2.3.3/gems/actionpack-4.2.10/lib/action_dispatch/middleware/templates/rescues/diagnostics.html.erb within rescues/layout (113.1ms)


Started GET "/students/new" for ::1 at 2018-04-11 23:04:09 -0400
Processing by StudentsController#new as HTML
  Rendered students/new.html.erb within layouts/application (2.3ms)
Completed 200 OK in 54ms (Views: 40.8ms | ActiveRecord: 0.8ms)


Started POST "/students" for ::1 at 2018-04-11 23:04:12 -0400
Processing by StudentsController#create as HTML
  Parameters: {"utf8"=>"✓", "authenticity_token"=>"Fc93kdQZEMI5SRmhOo1Xvj6qlzdEeyfPKy11RUNJSBt9F6VbuExHBGoSaWUUuHbJQ8nrWvBdOFnWNbXZVFVm7A==", "student"=>{"first_name"=>"g", "last_name"=>""}, "commit"=>"Create Student"}
  [1m[35m (0.1ms)[0m  begin transaction
  [1m[36mSQL (0.8ms)[0m  [1mINSERT INTO "students" ("first_name", "last_name", "created_at", "updated_at") VALUES (?, ?, ?, ?)[0m  [["first_name", "g"], ["last_name", ""], ["created_at", "2018-04-12 03:04:12.254492"], ["updated_at", "2018-04-12 03:04:12.254492"]]
  [1m[35m (1.0ms)[0m  commit transaction
  [1m[36m (0.1ms)[0m  [1mbegin transaction[0m
  [1m[35m (0.0ms)[0m  commit transaction
Completed 500 Internal Server Error in 16ms (ActiveRecord: 2.0ms)

NoMethodError (undefined method `to' for #<StudentsController:0x007fe8233e4690>
Did you mean?  to_s
               to_a
               t):
  app/controllers/students_controller.rb:10:in `create'


  Rendered /Users/JayZonday/.rvm/gems/ruby-2.3.3/gems/actionpack-4.2.10/lib/action_dispatch/middleware/templates/rescues/_source.erb (4.9ms)
  Rendered /Users/JayZonday/.rvm/gems/ruby-2.3.3/gems/actionpack-4.2.10/lib/action_dispatch/middleware/templates/rescues/_trace.html.erb (3.1ms)
  Rendered /Users/JayZonday/.rvm/gems/ruby-2.3.3/gems/actionpack-4.2.10/lib/action_dispatch/middleware/templates/rescues/_request_and_response.html.erb (1.3ms)
  Rendered /Users/JayZonday/.rvm/gems/ruby-2.3.3/gems/actionpack-4.2.10/lib/action_dispatch/middleware/templates/rescues/diagnostics.html.erb within rescues/layout (115.8ms)


Started GET "/students/new" for ::1 at 2018-04-11 23:04:38 -0400
Processing by StudentsController#new as HTML
  Rendered students/new.html.erb within layouts/application (2.5ms)
Completed 200 OK in 83ms (Views: 69.5ms | ActiveRecord: 1.0ms)


Started POST "/students" for ::1 at 2018-04-11 23:04:42 -0400
Processing by StudentsController#create as HTML
  Parameters: {"utf8"=>"✓", "authenticity_token"=>"mkjilBDTr1icIkJQB/6tMadaDv9PytxFmCdEhtg/bh3ykDBefIb4ns95MpQpy4xG2jlykvvsw9NlP4QazyNA6g==", "student"=>{"first_name"=>"d", "last_name"=>"s"}, "commit"=>"Create Student"}
  [1m[36m (0.4ms)[0m  [1mbegin transaction[0m
  [1m[35mSQL (1.2ms)[0m  INSERT INTO "students" ("first_name", "last_name", "created_at", "updated_at") VALUES (?, ?, ?, ?)  [["first_name", "d"], ["last_name", "s"], ["created_at", "2018-04-12 03:04:42.578739"], ["updated_at", "2018-04-12 03:04:42.578739"]]
  [1m[36m (2.0ms)[0m  [1mcommit transaction[0m
  [1m[35m (0.2ms)[0m  begin transaction
  [1m[36m (0.1ms)[0m  [1mcommit transaction[0m
Redirected to http://localhost:3000/students/4
Completed 302 Found in 13ms (ActiveRecord: 3.9ms)


Started GET "/students/4" for ::1 at 2018-04-11 23:04:42 -0400
Processing by StudentsController#show as HTML
  Parameters: {"id"=>"4"}
  Rendered students/show.html.erb within layouts/application (0.4ms)
Completed 200 OK in 19ms (Views: 18.5ms | ActiveRecord: 0.0ms)


Started GET "/students/4" for ::1 at 2018-04-11 23:05:18 -0400
Processing by StudentsController#show as HTML
  Parameters: {"id"=>"4"}
  Rendered students/show.html.erb within layouts/application (0.0ms)
Completed 200 OK in 66ms (Views: 64.9ms | ActiveRecord: 0.0ms)


Started GET "/students" for ::1 at 2018-04-11 23:05:26 -0400
Processing by StudentsController#index as HTML
  Rendered students/index.html.erb within layouts/application (0.1ms)
Completed 200 OK in 24ms (Views: 23.9ms | ActiveRecord: 0.0ms)


Started GET "/students/1" for ::1 at 2018-04-11 23:05:30 -0400
Processing by StudentsController#show as HTML
  Parameters: {"id"=>"1"}
  Rendered students/show.html.erb within layouts/application (0.1ms)
Completed 200 OK in 31ms (Views: 30.3ms | ActiveRecord: 0.0ms)


Started GET "/students/1/edit" for ::1 at 2018-04-11 23:05:35 -0400
Processing by StudentsController#edit as HTML
  Parameters: {"id"=>"1"}
  Rendered students/edit.html.erb within layouts/application (0.3ms)
Completed 200 OK in 18ms (Views: 17.5ms | ActiveRecord: 0.0ms)


Started GET "/students" for ::1 at 2018-04-11 23:05:38 -0400
Processing by StudentsController#index as HTML
  Rendered students/index.html.erb within layouts/application (0.1ms)
Completed 200 OK in 20ms (Views: 19.6ms | ActiveRecord: 0.0ms)


Started GET "/students/new" for ::1 at 2018-04-11 23:05:40 -0400
Processing by StudentsController#new as HTML
  Rendered students/new.html.erb within layouts/application (1.6ms)
Completed 200 OK in 40ms (Views: 38.8ms | ActiveRecord: 0.0ms)


Started POST "/students" for ::1 at 2018-04-11 23:05:44 -0400
Processing by StudentsController#create as HTML
  Parameters: {"utf8"=>"✓", "authenticity_token"=>"CRwTHh16rRHf0JqOf81k61j58Iy3YqRC9OGfNKxSwqhhxMHUcS/614yL6kpR+EWcJZqM4QNEu9QJ+V+ou07sXw==", "student"=>{"first_name"=>"J", "last_name"=>"M"}, "commit"=>"Create Student"}
  [1m[35m (0.1ms)[0m  begin transaction
  [1m[36mSQL (0.4ms)[0m  [1mINSERT INTO "students" ("first_name", "last_name", "created_at", "updated_at") VALUES (?, ?, ?, ?)[0m  [["first_name", "J"], ["last_name", "M"], ["created_at", "2018-04-12 03:05:44.764294"], ["updated_at", "2018-04-12 03:05:44.764294"]]
  [1m[35m (1.0ms)[0m  commit transaction
  [1m[36m (0.1ms)[0m  [1mbegin transaction[0m
  [1m[35m (0.1ms)[0m  commit transaction
Redirected to http://localhost:3000/students/5
Completed 302 Found in 6ms (ActiveRecord: 1.7ms)


Started GET "/students/5" for ::1 at 2018-04-11 23:05:44 -0400
Processing by StudentsController#show as HTML
  Parameters: {"id"=>"5"}
  Rendered students/show.html.erb within layouts/application (0.1ms)
Completed 200 OK in 16ms (Views: 15.6ms | ActiveRecord: 0.0ms)


Started GET "/students/5" for ::1 at 2018-04-11 23:10:19 -0400
Processing by StudentsController#show as HTML
  Parameters: {"id"=>"5"}
  Rendered students/show.html.erb within layouts/application (0.1ms)
Completed 200 OK in 26ms (Views: 25.3ms | ActiveRecord: 0.0ms)


Started GET "/students/new" for ::1 at 2018-04-11 23:10:23 -0400
Processing by StudentsController#new as HTML
  Rendered students/new.html.erb within layouts/application (2.3ms)
Completed 200 OK in 40ms (Views: 32.1ms | ActiveRecord: 0.6ms)


Started POST "/students" for ::1 at 2018-04-11 23:10:27 -0400
Processing by StudentsController#create as HTML
  Parameters: {"utf8"=>"✓", "authenticity_token"=>"HrZplrosTgKNPeKZwTNyGeP6wXdi8fSk78Lu1YyC+/52brtc1nkZxN5mkl3vBlNunpm9GtbX6zIS2i5Jm57VCQ==", "student"=>{"first_name"=>"l", "last_name"=>""}, "commit"=>"Create Student"}
  [1m[36m (0.2ms)[0m  [1mbegin transaction[0m
  [1m[35mSQL (0.5ms)[0m  INSERT INTO "students" ("first_name", "last_name", "created_at", "updated_at") VALUES (?, ?, ?, ?)  [["first_name", "l"], ["last_name", ""], ["created_at", "2018-04-12 03:10:27.011561"], ["updated_at", "2018-04-12 03:10:27.011561"]]
  [1m[36m (1.1ms)[0m  [1mcommit transaction[0m
  [1m[35m (0.1ms)[0m  begin transaction
  [1m[36m (0.0ms)[0m  [1mcommit transaction[0m
Redirected to http://localhost:3000/students/6
Completed 302 Found in 8ms (ActiveRecord: 1.9ms)


Started GET "/students/6" for ::1 at 2018-04-11 23:10:27 -0400
Processing by StudentsController#show as HTML
  Parameters: {"id"=>"6"}
  Rendered students/show.html.erb within layouts/application (0.1ms)
Completed 200 OK in 20ms (Views: 19.1ms | ActiveRecord: 0.0ms)


Started GET "/students/6" for ::1 at 2018-04-11 23:10:55 -0400
Processing by StudentsController#show as HTML
  Parameters: {"id"=>"6"}
  Rendered students/show.html.erb within layouts/application (0.2ms)
Completed 200 OK in 21ms (Views: 20.4ms | ActiveRecord: 0.0ms)


Started GET "/students/new" for ::1 at 2018-04-11 23:10:59 -0400
Processing by StudentsController#new as HTML
  Rendered students/new.html.erb within layouts/application (2.0ms)
Completed 200 OK in 43ms (Views: 34.0ms | ActiveRecord: 0.8ms)


Started POST "/students" for ::1 at 2018-04-11 23:11:05 -0400
Processing by StudentsController#create as HTML
  Parameters: {"utf8"=>"✓", "authenticity_token"=>"ejLoUp0QZ7mvYKFVgWNlfdkBXjHBpGW9lg3s4muaxvgS6jqY8UUwf/w70ZGvVkQKpGIiXHWCeitrFSx+fIboDw==", "student"=>{"first_name"=>"jj", "last_name"=>"jjj"}, "commit"=>"Create Student"}
  [1m[35m (0.1ms)[0m  begin transaction
  [1m[36mSQL (0.6ms)[0m  [1mINSERT INTO "students" ("first_name", "last_name", "created_at", "updated_at") VALUES (?, ?, ?, ?)[0m  [["first_name", "jj"], ["last_name", "jjj"], ["created_at", "2018-04-12 03:11:05.789011"], ["updated_at", "2018-04-12 03:11:05.789011"]]
  [1m[35m (1.0ms)[0m  commit transaction
  [1m[36m (0.1ms)[0m  [1mbegin transaction[0m
  [1m[35m (0.1ms)[0m  commit transaction
Redirected to http://localhost:3000/students/7
Completed 302 Found in 9ms (ActiveRecord: 1.9ms)


Started GET "/students/7" for ::1 at 2018-04-11 23:11:05 -0400
Processing by StudentsController#show as HTML
  Parameters: {"id"=>"7"}
  Rendered students/show.html.erb within layouts/application (0.1ms)
Completed 200 OK in 19ms (Views: 18.4ms | ActiveRecord: 0.0ms)
  [1m[36mActiveRecord::SchemaMigration Load (0.1ms)[0m  [1mSELECT "schema_migrations".* FROM "schema_migrations"[0m
  [1m[35mActiveRecord::SchemaMigration Load (0.1ms)[0m  SELECT "schema_migrations".* FROM "schema_migrations"
Migrating to CreateSchoolclasses (2)
  [1m[36m (0.0ms)[0m  [1mbegin transaction[0m
  [1m[35m (0.9ms)[0m  DROP TABLE "schoolclasses"
  [1m[36mSQL (1.0ms)[0m  [1mDELETE FROM "schema_migrations" WHERE "schema_migrations"."version" = ?[0m  [["version", "2"]]
  [1m[35m (1.2ms)[0m  commit transaction
  [1m[36mActiveRecord::SchemaMigration Load (0.1ms)[0m  [1mSELECT "schema_migrations".* FROM "schema_migrations"[0m
  [1m[36mActiveRecord::SchemaMigration Load (0.1ms)[0m  [1mSELECT "schema_migrations".* FROM "schema_migrations"[0m
  [1m[35mActiveRecord::SchemaMigration Load (0.1ms)[0m  SELECT "schema_migrations".* FROM "schema_migrations"
Migrating to CreateStudents (1)
  [1m[36m (0.1ms)[0m  [1mbegin transaction[0m
  [1m[35m (0.9ms)[0m  DROP TABLE "students"
  [1m[36mSQL (0.3ms)[0m  [1mDELETE FROM "schema_migrations" WHERE "schema_migrations"."version" = ?[0m  [["version", "1"]]
  [1m[35m (5.2ms)[0m  commit transaction
  [1m[36mActiveRecord::SchemaMigration Load (0.1ms)[0m  [1mSELECT "schema_migrations".* FROM "schema_migrations"[0m
  [1m[36mActiveRecord::SchemaMigration Load (0.1ms)[0m  [1mSELECT "schema_migrations".* FROM "schema_migrations"[0m
Migrating to CreateStudents (1)
  [1m[35m (0.1ms)[0m  begin transaction
  [1m[36m (0.7ms)[0m  [1mCREATE TABLE "students" ("id" INTEGER PRIMARY KEY AUTOINCREMENT NOT NULL, "first_name" varchar, "last_name" varchar, "created_at" datetime NOT NULL, "updated_at" datetime NOT NULL) [0m
  [1m[35mSQL (0.2ms)[0m  INSERT INTO "schema_migrations" ("version") VALUES (?)  [["version", "1"]]
  [1m[36m (5.3ms)[0m  [1mcommit transaction[0m
Migrating to CreateSchoolclasses (2)
  [1m[36mActiveRecord::SchemaMigration Load (0.2ms)[0m  [1mSELECT "schema_migrations".* FROM "schema_migrations"[0m
Migrating to CreateSchoolclasses (2)
  [1m[36mActiveRecord::SchemaMigration Load (0.1ms)[0m  [1mSELECT "schema_migrations".* FROM "schema_migrations"[0m
  [1m[35mActiveRecord::SchemaMigration Load (0.1ms)[0m  SELECT "schema_migrations".* FROM "schema_migrations"
Migrating to CreateStudents (1)
  [1m[36m (0.0ms)[0m  [1mbegin transaction[0m
  [1m[35m (0.8ms)[0m  DROP TABLE "students"
  [1m[36mSQL (0.3ms)[0m  [1mDELETE FROM "schema_migrations" WHERE "schema_migrations"."version" = ?[0m  [["version", "1"]]
  [1m[35m (5.1ms)[0m  commit transaction
  [1m[36mActiveRecord::SchemaMigration Load (0.1ms)[0m  [1mSELECT "schema_migrations".* FROM "schema_migrations"[0m
  [1m[36mActiveRecord::SchemaMigration Load (0.1ms)[0m  [1mSELECT "schema_migrations".* FROM "schema_migrations"[0m
  [1m[35mActiveRecord::SchemaMigration Load (0.1ms)[0m  SELECT "schema_migrations".* FROM "schema_migrations"
  [1m[36m (5.8ms)[0m  [1mCREATE TABLE "schema_migrations" ("version" varchar NOT NULL) [0m
  [1m[35m (0.1ms)[0m  select sqlite_version(*)
  [1m[36m (1.2ms)[0m  [1mCREATE UNIQUE INDEX "unique_schema_migrations" ON "schema_migrations" ("version")[0m
  [1m[35mActiveRecord::SchemaMigration Load (0.2ms)[0m  SELECT "schema_migrations".* FROM "schema_migrations"
Migrating to CreateStudents (1)
  [1m[36m (0.1ms)[0m  [1mbegin transaction[0m
  [1m[35m (0.6ms)[0m  CREATE TABLE "students" ("id" INTEGER PRIMARY KEY AUTOINCREMENT NOT NULL, "first_name" varchar, "last_name" varchar, "created_at" datetime NOT NULL, "updated_at" datetime NOT NULL) 
  [1m[36mSQL (0.2ms)[0m  [1mINSERT INTO "schema_migrations" ("version") VALUES (?)[0m  [["version", "1"]]
  [1m[35m (1.2ms)[0m  commit transaction
Migrating to CreateSchoolclasses (2)
  [1m[36mActiveRecord::SchemaMigration Load (0.1ms)[0m  [1mSELECT "schema_migrations".* FROM "schema_migrations"[0m
Migrating to CreateSchoolClasses (2)
  [1m[35m (0.1ms)[0m  begin transaction
  [1m[36m (0.6ms)[0m  [1mCREATE TABLE "school_classes" ("id" INTEGER PRIMARY KEY AUTOINCREMENT NOT NULL, "title" varchar, "room_number" integer, "created_at" datetime NOT NULL, "updated_at" datetime NOT NULL) [0m
  [1m[35mSQL (0.2ms)[0m  INSERT INTO "schema_migrations" ("version") VALUES (?)  [["version", "2"]]
  [1m[36m (5.3ms)[0m  [1mcommit transaction[0m
  [1m[35mActiveRecord::SchemaMigration Load (0.1ms)[0m  SELECT "schema_migrations".* FROM "schema_migrations"


Started GET "/students" for ::1 at 2018-04-11 23:50:25 -0400
  [1m[36mActiveRecord::SchemaMigration Load (0.2ms)[0m  [1mSELECT "schema_migrations".* FROM "schema_migrations"[0m
Processing by StudentsController#index as HTML
  Rendered students/index.html.erb within layouts/application (1.5ms)
Completed 200 OK in 275ms (Views: 262.5ms | ActiveRecord: 0.0ms)


Started GET "/students/new" for ::1 at 2018-04-11 23:50:28 -0400
Processing by StudentsController#new as HTML
  Rendered students/new.html.erb within layouts/application (65.0ms)
Completed 200 OK in 103ms (Views: 93.9ms | ActiveRecord: 0.6ms)


Started POST "/students" for ::1 at 2018-04-11 23:50:36 -0400
Processing by StudentsController#create as HTML
  Parameters: {"utf8"=>"✓", "authenticity_token"=>"IAVJ6Ng3eC8GQSHMCNJAzaYo40doPSOkSrrtoIBVIiBI3ZsitGIv6VUaUQgm52G620ufKtwbPDK3oi08l0kM1w==", "student"=>{"first_name"=>"J", "last_name"=>"M"}, "commit"=>"Create Student"}
  [1m[35m (0.3ms)[0m  begin transaction
  [1m[36mSQL (1.6ms)[0m  [1mINSERT INTO "students" ("first_name", "last_name", "created_at", "updated_at") VALUES (?, ?, ?, ?)[0m  [["first_name", "J"], ["last_name", "M"], ["created_at", "2018-04-12 03:50:36.294235"], ["updated_at", "2018-04-12 03:50:36.294235"]]
  [1m[35m (1.9ms)[0m  commit transaction
Redirected to http://localhost:3000/students/1
Completed 302 Found in 11ms (ActiveRecord: 3.8ms)


Started GET "/students/1" for ::1 at 2018-04-11 23:50:36 -0400
Processing by StudentsController#show as HTML
  Parameters: {"id"=>"1"}
  Rendered students/show.html.erb within layouts/application (0.4ms)
Completed 200 OK in 23ms (Views: 22.7ms | ActiveRecord: 0.0ms)


Started GET "/students/new" for ::1 at 2018-04-12 00:00:45 -0400
Processing by StudentsController#new as HTML
  Rendered students/new.html.erb within layouts/application (5.7ms)
Completed 200 OK in 66ms (Views: 53.8ms | ActiveRecord: 0.6ms)


Started POST "/students" for ::1 at 2018-04-12 00:00:52 -0400
Processing by StudentsController#create as HTML
  Parameters: {"utf8"=>"✓", "authenticity_token"=>"WJ2gbvjTm9IraGcMj+TPI+0bIzCElbkfCwm8Yt8a7fYwRXKklIbMFHgzF8ih0e5UkHhfXTCzpon2EXz+yAbDAQ==", "student"=>{"first_name"=>"j", "last_name"=>"m"}, "commit"=>"Create Student"}
  [1m[36m (0.1ms)[0m  [1mbegin transaction[0m
  [1m[35mSQL (0.5ms)[0m  INSERT INTO "students" ("first_name", "last_name", "created_at", "updated_at") VALUES (?, ?, ?, ?)  [["first_name", "j"], ["last_name", "m"], ["created_at", "2018-04-12 04:00:52.421225"], ["updated_at", "2018-04-12 04:00:52.421225"]]
  [1m[36m (1.1ms)[0m  [1mcommit transaction[0m
Redirected to http://localhost:3000/students/2
Completed 302 Found in 8ms (ActiveRecord: 1.7ms)


Started GET "/students/2" for ::1 at 2018-04-12 00:00:52 -0400
Processing by StudentsController#show as HTML
  Parameters: {"id"=>"2"}
  Rendered students/show.html.erb within layouts/application (0.4ms)
Completed 200 OK in 29ms (Views: 28.0ms | ActiveRecord: 0.0ms)


Started GET "/students/2" for ::1 at 2018-04-12 00:01:20 -0400
Processing by StudentsController#show as HTML
  Parameters: {"id"=>"2"}
  Rendered students/show.html.erb within layouts/application (7.4ms)
Completed 500 Internal Server Error in 16ms (ActiveRecord: 0.0ms)

ActionView::Template::Error (undefined method `first_name' for nil:NilClass):
    1: <h1><%= @student.first_name %> </h1>
  app/views/students/show.html.erb:1:in `_app_views_students_show_html_erb___1611680578516310609_70149032560860'


  Rendered /Users/JayZonday/.rvm/gems/ruby-2.3.3/gems/actionpack-4.2.10/lib/action_dispatch/middleware/templates/rescues/_source.erb (7.2ms)
  Rendered /Users/JayZonday/.rvm/gems/ruby-2.3.3/gems/actionpack-4.2.10/lib/action_dispatch/middleware/templates/rescues/_trace.html.erb (4.0ms)
  Rendered /Users/JayZonday/.rvm/gems/ruby-2.3.3/gems/actionpack-4.2.10/lib/action_dispatch/middleware/templates/rescues/_request_and_response.html.erb (1.2ms)
  Rendered /Users/JayZonday/.rvm/gems/ruby-2.3.3/gems/actionpack-4.2.10/lib/action_dispatch/middleware/templates/rescues/template_error.html.erb within rescues/layout (123.1ms)


Started GET "/students/2" for ::1 at 2018-04-12 00:03:57 -0400
Processing by StudentsController#show as HTML
  Parameters: {"id"=>"2"}
  Rendered students/show.html.erb within layouts/application (4.3ms)
Completed 500 Internal Server Error in 14ms (ActiveRecord: 0.0ms)

ActionView::Template::Error (undefined method `first_name' for nil:NilClass):
    1: <h1><%= @student.first_name %> </h1>
  app/views/students/show.html.erb:1:in `_app_views_students_show_html_erb___1611680578516310609_70149032560860'


  Rendered /Users/JayZonday/.rvm/gems/ruby-2.3.3/gems/actionpack-4.2.10/lib/action_dispatch/middleware/templates/rescues/_source.erb (8.3ms)
  Rendered /Users/JayZonday/.rvm/gems/ruby-2.3.3/gems/actionpack-4.2.10/lib/action_dispatch/middleware/templates/rescues/_trace.html.erb (7.4ms)
  Rendered /Users/JayZonday/.rvm/gems/ruby-2.3.3/gems/actionpack-4.2.10/lib/action_dispatch/middleware/templates/rescues/_request_and_response.html.erb (1.2ms)
  Rendered /Users/JayZonday/.rvm/gems/ruby-2.3.3/gems/actionpack-4.2.10/lib/action_dispatch/middleware/templates/rescues/template_error.html.erb within rescues/layout (124.5ms)


Started GET "/students/2" for ::1 at 2018-04-12 00:05:45 -0400
Processing by StudentsController#show as HTML
  Parameters: {"id"=>"2"}
  Rendered students/show.html.erb within layouts/application (3.8ms)
Completed 500 Internal Server Error in 14ms (ActiveRecord: 0.0ms)

ActionView::Template::Error (undefined method `first_name' for nil:NilClass):
    1: <h1><%= @student.first_name %> </h1>
  app/views/students/show.html.erb:1:in `_app_views_students_show_html_erb___1611680578516310609_70149032560860'


  Rendered /Users/JayZonday/.rvm/gems/ruby-2.3.3/gems/actionpack-4.2.10/lib/action_dispatch/middleware/templates/rescues/_source.erb (8.8ms)
  Rendered /Users/JayZonday/.rvm/gems/ruby-2.3.3/gems/actionpack-4.2.10/lib/action_dispatch/middleware/templates/rescues/_trace.html.erb (4.0ms)
  Rendered /Users/JayZonday/.rvm/gems/ruby-2.3.3/gems/actionpack-4.2.10/lib/action_dispatch/middleware/templates/rescues/_request_and_response.html.erb (1.1ms)
  Rendered /Users/JayZonday/.rvm/gems/ruby-2.3.3/gems/actionpack-4.2.10/lib/action_dispatch/middleware/templates/rescues/template_error.html.erb within rescues/layout (116.5ms)


Started GET "/students/2" for ::1 at 2018-04-12 00:06:15 -0400
Processing by StudentsController#show as HTML
  Parameters: {"id"=>"2"}
  Rendered students/show.html.erb within layouts/application (0.7ms)
Completed 200 OK in 21ms (Views: 20.1ms | ActiveRecord: 0.0ms)


Started GET "/students/new" for ::1 at 2018-04-12 00:06:28 -0400
Processing by StudentsController#new as HTML
  Rendered students/new.html.erb within layouts/application (1.4ms)
Completed 200 OK in 27ms (Views: 20.8ms | ActiveRecord: 0.5ms)


Started GET "/students/4" for ::1 at 2018-04-12 00:06:32 -0400
Processing by StudentsController#show as HTML
  Parameters: {"id"=>"4"}
  Rendered students/show.html.erb within layouts/application (0.1ms)
Completed 200 OK in 22ms (Views: 21.1ms | ActiveRecord: 0.0ms)


Started GET "/students/7" for ::1 at 2018-04-12 00:06:36 -0400
Processing by StudentsController#show as HTML
  Parameters: {"id"=>"7"}
  Rendered students/show.html.erb within layouts/application (0.1ms)
Completed 200 OK in 23ms (Views: 22.5ms | ActiveRecord: 0.0ms)


Started GET "/students/9" for ::1 at 2018-04-12 00:06:42 -0400
Processing by StudentsController#show as HTML
  Parameters: {"id"=>"9"}
  Rendered students/show.html.erb within layouts/application (0.1ms)
Completed 200 OK in 20ms (Views: 19.6ms | ActiveRecord: 0.0ms)


Started POST "/students" for ::1 at 2018-04-12 00:06:54 -0400
Processing by StudentsController#create as HTML
  Parameters: {"utf8"=>"✓", "authenticity_token"=>"2FwtQh8gDlAF5Nql14IzefYKEA0pHUI1tzVY5TRQNxSwhP+Ic3VZlla/qmH5txIOi2lsYJ07XaNKLZh5I0wZ4w==", "student"=>{"first_name"=>"Joseph ", "last_name"=>"m"}, "commit"=>"Create Student"}
Completed 500 Internal Server Error in 2ms (ActiveRecord: 0.0ms)

ActionController::UrlGenerationError (No route matches {:action=>"show", :controller=>"students", :id=>nil} missing required keys: [:id]):
  app/controllers/students_controller.rb:9:in `create'


  Rendered /Users/JayZonday/.rvm/gems/ruby-2.3.3/gems/actionpack-4.2.10/lib/action_dispatch/middleware/templates/rescues/_source.erb (6.3ms)
  Rendered /Users/JayZonday/.rvm/gems/ruby-2.3.3/gems/actionpack-4.2.10/lib/action_dispatch/middleware/templates/rescues/_trace.html.erb (3.7ms)
  Rendered /Users/JayZonday/.rvm/gems/ruby-2.3.3/gems/actionpack-4.2.10/lib/action_dispatch/middleware/templates/rescues/_request_and_response.html.erb (1.3ms)
  Rendered /Users/JayZonday/.rvm/gems/ruby-2.3.3/gems/actionpack-4.2.10/lib/action_dispatch/middleware/templates/rescues/diagnostics.html.erb within rescues/layout (119.3ms)


Started POST "/students" for ::1 at 2018-04-12 00:12:52 -0400
Processing by StudentsController#create as HTML
  Parameters: {"utf8"=>"✓", "authenticity_token"=>"2FwtQh8gDlAF5Nql14IzefYKEA0pHUI1tzVY5TRQNxSwhP+Ic3VZlla/qmH5txIOi2lsYJ07XaNKLZh5I0wZ4w==", "student"=>{"first_name"=>"Joseph ", "last_name"=>"m"}, "commit"=>"Create Student"}
Completed 500 Internal Server Error in 2ms (ActiveRecord: 0.0ms)

ActionController::UrlGenerationError (No route matches {:action=>"show", :controller=>"students", :id=>nil} missing required keys: [:id]):
  app/controllers/students_controller.rb:9:in `create'


  Rendered /Users/JayZonday/.rvm/gems/ruby-2.3.3/gems/actionpack-4.2.10/lib/action_dispatch/middleware/templates/rescues/_source.erb (7.5ms)
  Rendered /Users/JayZonday/.rvm/gems/ruby-2.3.3/gems/actionpack-4.2.10/lib/action_dispatch/middleware/templates/rescues/_trace.html.erb (4.3ms)
  Rendered /Users/JayZonday/.rvm/gems/ruby-2.3.3/gems/actionpack-4.2.10/lib/action_dispatch/middleware/templates/rescues/_request_and_response.html.erb (1.0ms)
  Rendered /Users/JayZonday/.rvm/gems/ruby-2.3.3/gems/actionpack-4.2.10/lib/action_dispatch/middleware/templates/rescues/diagnostics.html.erb within rescues/layout (129.4ms)


Started GET "/students/new" for ::1 at 2018-04-12 00:13:33 -0400
Processing by StudentsController#new as HTML
  Rendered students/new.html.erb within layouts/application (1.8ms)
Completed 200 OK in 49ms (Views: 33.0ms | ActiveRecord: 1.4ms)


Started GET "/students/new" for ::1 at 2018-04-12 00:13:34 -0400
Processing by StudentsController#new as HTML
  Rendered students/new.html.erb within layouts/application (1.4ms)
Completed 200 OK in 18ms (Views: 17.6ms | ActiveRecord: 0.0ms)


Started GET "/assets/jquery_ujs.self-784a997f6726036b1993eb2217c9cb558e1cbb801c6da88105588c56f13b466a.js?body=1" for ::1 at 2018-04-12 00:13:34 -0400


Started GET "/assets/jquery.self-bd7ddd393353a8d2480a622e80342adf488fb6006d667e8b42e4c0073393abee.js?body=1" for ::1 at 2018-04-12 00:13:34 -0400


Started GET "/assets/turbolinks.self-2db6ec539b9190f75e1d477b305df53d12904d5cafdd47c7ffd91ba25cbec128.js?body=1" for ::1 at 2018-04-12 00:13:34 -0400


Started GET "/assets/application.self-3b8dabdc891efe46b9a144b400ad69e37d7e5876bdc39dee783419a69d7ca819.js?body=1" for ::1 at 2018-04-12 00:13:34 -0400


Started GET "/assets/application.self-e80e8f2318043e8af94dddc2adad5a4f09739a8ebb323b3ab31cd71d45fd9113.css?body=1" for ::1 at 2018-04-12 00:13:34 -0400


Started POST "/students" for ::1 at 2018-04-12 00:13:44 -0400
Processing by StudentsController#create as HTML
  Parameters: {"utf8"=>"✓", "authenticity_token"=>"nXdatBi9yxSjWzT+vEXkUJsxn+6ZeH6vDY1zNg3xgwn1r4h+dOic0vAARDqScMUn5lLjgy1eYTnwlbOqGu2t/g==", "student"=>{"first_name"=>"kkkk", "last_name"=>"kkkkkk"}, "commit"=>"Create Student"}
Completed 500 Internal Server Error in 2ms (ActiveRecord: 0.0ms)

ActionController::UrlGenerationError (No route matches {:action=>"show", :controller=>"students"} missing required keys: [:id]):
  app/controllers/students_controller.rb:9:in `create'


  Rendered /Users/JayZonday/.rvm/gems/ruby-2.3.3/gems/actionpack-4.2.10/lib/action_dispatch/middleware/templates/rescues/_source.erb (6.7ms)
  Rendered /Users/JayZonday/.rvm/gems/ruby-2.3.3/gems/actionpack-4.2.10/lib/action_dispatch/middleware/templates/rescues/_trace.html.erb (3.1ms)
  Rendered /Users/JayZonday/.rvm/gems/ruby-2.3.3/gems/actionpack-4.2.10/lib/action_dispatch/middleware/templates/rescues/_request_and_response.html.erb (1.3ms)
  Rendered /Users/JayZonday/.rvm/gems/ruby-2.3.3/gems/actionpack-4.2.10/lib/action_dispatch/middleware/templates/rescues/diagnostics.html.erb within rescues/layout (114.7ms)


Started GET "/students/new" for ::1 at 2018-04-12 00:16:17 -0400
Processing by StudentsController#new as HTML
  Rendered students/new.html.erb within layouts/application (2.8ms)
Completed 200 OK in 45ms (Views: 33.3ms | ActiveRecord: 2.1ms)


Started GET "/students/new" for ::1 at 2018-04-12 00:16:19 -0400
Processing by StudentsController#new as HTML
  Rendered students/new.html.erb within layouts/application (1.0ms)
Completed 200 OK in 24ms (Views: 23.0ms | ActiveRecord: 0.0ms)


Started GET "/assets/application.self-e80e8f2318043e8af94dddc2adad5a4f09739a8ebb323b3ab31cd71d45fd9113.css?body=1" for ::1 at 2018-04-12 00:16:19 -0400


Started GET "/assets/jquery.self-bd7ddd393353a8d2480a622e80342adf488fb6006d667e8b42e4c0073393abee.js?body=1" for ::1 at 2018-04-12 00:16:19 -0400


Started GET "/assets/application.self-3b8dabdc891efe46b9a144b400ad69e37d7e5876bdc39dee783419a69d7ca819.js?body=1" for ::1 at 2018-04-12 00:16:19 -0400


Started GET "/assets/turbolinks.self-2db6ec539b9190f75e1d477b305df53d12904d5cafdd47c7ffd91ba25cbec128.js?body=1" for ::1 at 2018-04-12 00:16:19 -0400


Started GET "/assets/jquery_ujs.self-784a997f6726036b1993eb2217c9cb558e1cbb801c6da88105588c56f13b466a.js?body=1" for ::1 at 2018-04-12 00:16:19 -0400


Started POST "/students" for ::1 at 2018-04-12 00:16:24 -0400
Processing by StudentsController#create as HTML
  Parameters: {"utf8"=>"✓", "authenticity_token"=>"skylunRFNg2kKdmJLAWLZ/6joqTg/ObEiR1mojMELILalHdwGBBhy/dyqU0CMKoQg8DeyVTa+VJ0BaY+JBgCdQ==", "student"=>{"first_name"=>"f", "last_name"=>"f"}, "commit"=>"Create Student"}
  [1m[35m (0.2ms)[0m  begin transaction
  [1m[36mSQL (0.9ms)[0m  [1mINSERT INTO "students" ("first_name", "last_name", "created_at", "updated_at") VALUES (?, ?, ?, ?)[0m  [["first_name", "f"], ["last_name", "f"], ["created_at", "2018-04-12 04:16:24.680683"], ["updated_at", "2018-04-12 04:16:24.680683"]]
  [1m[35m (1.8ms)[0m  commit transaction
Redirected to http://localhost:3000/students/3
Completed 302 Found in 11ms (ActiveRecord: 2.8ms)


Started GET "/students/3" for ::1 at 2018-04-12 00:16:24 -0400
Processing by StudentsController#show as HTML
  Parameters: {"id"=>"3"}
  Rendered students/show.html.erb within layouts/application (0.1ms)
Completed 200 OK in 19ms (Views: 18.8ms | ActiveRecord: 0.0ms)


Started GET "/assets/application.self-e80e8f2318043e8af94dddc2adad5a4f09739a8ebb323b3ab31cd71d45fd9113.css?body=1" for ::1 at 2018-04-12 00:16:24 -0400


Started GET "/assets/application.self-3b8dabdc891efe46b9a144b400ad69e37d7e5876bdc39dee783419a69d7ca819.js?body=1" for ::1 at 2018-04-12 00:16:24 -0400


Started GET "/assets/jquery.self-bd7ddd393353a8d2480a622e80342adf488fb6006d667e8b42e4c0073393abee.js?body=1" for ::1 at 2018-04-12 00:16:24 -0400


Started GET "/assets/turbolinks.self-2db6ec539b9190f75e1d477b305df53d12904d5cafdd47c7ffd91ba25cbec128.js?body=1" for ::1 at 2018-04-12 00:16:24 -0400


Started GET "/assets/jquery_ujs.self-784a997f6726036b1993eb2217c9cb558e1cbb801c6da88105588c56f13b466a.js?body=1" for ::1 at 2018-04-12 00:16:24 -0400


Started GET "/students" for ::1 at 2018-04-12 00:23:02 -0400

AbstractController::ActionNotFound (The action 'index' could not be found for StudentsController):
  actionpack (4.2.10) lib/abstract_controller/base.rb:132:in `process'
  actionview (4.2.10) lib/action_view/rendering.rb:30:in `process'
  actionpack (4.2.10) lib/action_controller/metal.rb:196:in `dispatch'
  actionpack (4.2.10) lib/action_controller/metal/rack_delegation.rb:13:in `dispatch'
  actionpack (4.2.10) lib/action_controller/metal.rb:237:in `block in action'
  actionpack (4.2.10) lib/action_dispatch/routing/route_set.rb:74:in `dispatch'
  actionpack (4.2.10) lib/action_dispatch/routing/route_set.rb:43:in `serve'
  actionpack (4.2.10) lib/action_dispatch/journey/router.rb:43:in `block in serve'
  actionpack (4.2.10) lib/action_dispatch/journey/router.rb:30:in `each'
  actionpack (4.2.10) lib/action_dispatch/journey/router.rb:30:in `serve'
  actionpack (4.2.10) lib/action_dispatch/routing/route_set.rb:817:in `call'
  rack (1.6.9) lib/rack/etag.rb:24:in `call'
  rack (1.6.9) lib/rack/conditionalget.rb:25:in `call'
  rack (1.6.9) lib/rack/head.rb:13:in `call'
  actionpack (4.2.10) lib/action_dispatch/middleware/params_parser.rb:27:in `call'
  actionpack (4.2.10) lib/action_dispatch/middleware/flash.rb:260:in `call'
  rack (1.6.9) lib/rack/session/abstract/id.rb:225:in `context'
  rack (1.6.9) lib/rack/session/abstract/id.rb:220:in `call'
  actionpack (4.2.10) lib/action_dispatch/middleware/cookies.rb:560:in `call'
  activerecord (4.2.10) lib/active_record/query_cache.rb:36:in `call'
  activerecord (4.2.10) lib/active_record/connection_adapters/abstract/connection_pool.rb:653:in `call'
  activerecord (4.2.10) lib/active_record/migration.rb:377:in `call'
  actionpack (4.2.10) lib/action_dispatch/middleware/callbacks.rb:29:in `block in call'
  activesupport (4.2.10) lib/active_support/callbacks.rb:88:in `__run_callbacks__'
  activesupport (4.2.10) lib/active_support/callbacks.rb:778:in `_run_call_callbacks'
  activesupport (4.2.10) lib/active_support/callbacks.rb:81:in `run_callbacks'
  actionpack (4.2.10) lib/action_dispatch/middleware/callbacks.rb:27:in `call'
  actionpack (4.2.10) lib/action_dispatch/middleware/reloader.rb:73:in `call'
  actionpack (4.2.10) lib/action_dispatch/middleware/remote_ip.rb:78:in `call'
  actionpack (4.2.10) lib/action_dispatch/middleware/debug_exceptions.rb:17:in `call'
  actionpack (4.2.10) lib/action_dispatch/middleware/show_exceptions.rb:30:in `call'
  railties (4.2.10) lib/rails/rack/logger.rb:38:in `call_app'
  railties (4.2.10) lib/rails/rack/logger.rb:20:in `block in call'
  activesupport (4.2.10) lib/active_support/tagged_logging.rb:68:in `block in tagged'
  activesupport (4.2.10) lib/active_support/tagged_logging.rb:26:in `tagged'
  activesupport (4.2.10) lib/active_support/tagged_logging.rb:68:in `tagged'
  railties (4.2.10) lib/rails/rack/logger.rb:20:in `call'
  actionpack (4.2.10) lib/action_dispatch/middleware/request_id.rb:21:in `call'
  rack (1.6.9) lib/rack/methodoverride.rb:22:in `call'
  rack (1.6.9) lib/rack/runtime.rb:18:in `call'
  activesupport (4.2.10) lib/active_support/cache/strategy/local_cache_middleware.rb:28:in `call'
  rack (1.6.9) lib/rack/lock.rb:17:in `call'
  actionpack (4.2.10) lib/action_dispatch/middleware/static.rb:120:in `call'
  rack (1.6.9) lib/rack/sendfile.rb:113:in `call'
  railties (4.2.10) lib/rails/engine.rb:518:in `call'
  railties (4.2.10) lib/rails/application.rb:165:in `call'
  rack (1.6.9) lib/rack/lock.rb:17:in `call'
  rack (1.6.9) lib/rack/content_length.rb:15:in `call'
  rack (1.6.9) lib/rack/handler/webrick.rb:88:in `service'
  /Users/JayZonday/.rvm/rubies/ruby-2.3.3/lib/ruby/2.3.0/webrick/httpserver.rb:140:in `service'
  /Users/JayZonday/.rvm/rubies/ruby-2.3.3/lib/ruby/2.3.0/webrick/httpserver.rb:96:in `run'
  /Users/JayZonday/.rvm/rubies/ruby-2.3.3/lib/ruby/2.3.0/webrick/server.rb:296:in `block in start_thread'


  Rendered /Users/JayZonday/.rvm/gems/ruby-2.3.3/gems/actionpack-4.2.10/lib/action_dispatch/middleware/templates/rescues/unknown_action.html.erb within rescues/layout (0.4ms)


Started GET "/students/new" for ::1 at 2018-04-12 00:23:14 -0400
Processing by StudentsController#new as HTML
  Rendered students/new.html.erb within layouts/application (1.6ms)
Completed 200 OK in 43ms (Views: 28.6ms | ActiveRecord: 0.6ms)


Started POST "/students" for ::1 at 2018-04-12 00:23:18 -0400
Processing by StudentsController#create as HTML
  Parameters: {"utf8"=>"✓", "authenticity_token"=>"AnNrCyIK3pPpa8NQr2CInT5HsDzSJuXAVAm78RWJL4tqq7nBTl+JVbows5SBVanqQyTMUWYA+lapEXttApUBfA==", "student"=>{"first_name"=>"fff", "last_name"=>"fff"}, "commit"=>"Create Student"}
  [1m[36m (0.1ms)[0m  [1mbegin transaction[0m
  [1m[35mSQL (0.5ms)[0m  INSERT INTO "students" ("first_name", "last_name", "created_at", "updated_at") VALUES (?, ?, ?, ?)  [["first_name", "fff"], ["last_name", "fff"], ["created_at", "2018-04-12 04:23:19.003441"], ["updated_at", "2018-04-12 04:23:19.003441"]]
  [1m[36m (1.1ms)[0m  [1mcommit transaction[0m
Redirected to http://localhost:3000/students/4
Completed 302 Found in 7ms (ActiveRecord: 1.7ms)


Started GET "/students/4" for ::1 at 2018-04-12 00:23:19 -0400
Processing by StudentsController#show as HTML
  Parameters: {"id"=>"4"}
  Rendered students/show.html.erb within layouts/application (0.1ms)
Completed 200 OK in 24ms (Views: 22.8ms | ActiveRecord: 0.0ms)


Started GET "/students/4" for ::1 at 2018-04-12 00:56:24 -0400
Processing by StudentsController#show as HTML
  Parameters: {"id"=>"4"}
  Rendered students/show.html.erb within layouts/application (1.2ms)
Completed 200 OK in 90ms (Views: 81.8ms | ActiveRecord: 0.0ms)


Started GET "/students/4" for ::1 at 2018-04-12 00:56:26 -0400
Processing by StudentsController#show as HTML
  Parameters: {"id"=>"4"}
  Rendered students/show.html.erb within layouts/application (0.1ms)
Completed 200 OK in 29ms (Views: 27.6ms | ActiveRecord: 0.0ms)


Started GET "/students/4" for ::1 at 2018-04-12 00:56:28 -0400
Processing by StudentsController#show as HTML
  Parameters: {"id"=>"4"}
  Rendered students/show.html.erb within layouts/application (0.3ms)
Completed 200 OK in 27ms (Views: 26.4ms | ActiveRecord: 0.0ms)


Started GET "/students/new" for ::1 at 2018-04-12 00:56:35 -0400
Processing by StudentsController#new as HTML
  Rendered students/new.html.erb within layouts/application (14.1ms)
Completed 200 OK in 52ms (Views: 47.4ms | ActiveRecord: 0.0ms)


Started GET "/students/new" for ::1 at 2018-04-12 00:57:01 -0400
Processing by StudentsController#new as HTML
  Rendered students/new.html.erb within layouts/application (2.5ms)
Completed 200 OK in 32ms (Views: 30.9ms | ActiveRecord: 0.0ms)


Started GET "/students/new" for ::1 at 2018-04-12 00:57:41 -0400
Processing by StudentsController#new as HTML
  Rendered students/new.html.erb within layouts/application (2.7ms)
Completed 200 OK in 64ms (Views: 63.0ms | ActiveRecord: 0.0ms)


Started POST "/students" for ::1 at 2018-04-12 00:57:47 -0400
Processing by StudentsController#create as HTML
  Parameters: {"utf8"=>"✓", "authenticity_token"=>"9Q5IdnWhLRp8QeNPlcVJl8F0Z3hVd0xszJZQUx9UuIWd1pq8GfR63C8ak4u78GjgvBcbFeFRU/oxjpDPCEiWcg==", "student"=>{"first_name"=>"Joe", "last_name"=>"M"}, "commit"=>"Create Student"}
  [1m[35m (8.2ms)[0m  begin transaction
  [1m[36mSQL (2.6ms)[0m  [1mINSERT INTO "students" ("first_name", "last_name", "created_at", "updated_at") VALUES (?, ?, ?, ?)[0m  [["first_name", "Joe"], ["last_name", "M"], ["created_at", "2018-04-12 04:57:47.145773"], ["updated_at", "2018-04-12 04:57:47.145773"]]
  [1m[35m (1.8ms)[0m  commit transaction
Redirected to http://localhost:3000/students/5
Completed 302 Found in 28ms (ActiveRecord: 12.6ms)


Started GET "/students/5" for ::1 at 2018-04-12 00:57:47 -0400
Processing by StudentsController#show as HTML
  Parameters: {"id"=>"5"}
  Rendered students/show.html.erb within layouts/application (0.1ms)
Completed 200 OK in 24ms (Views: 22.8ms | ActiveRecord: 0.0ms)


Started GET "/students/5" for ::1 at 2018-04-12 01:04:29 -0400
Processing by StudentsController#show as HTML
  Parameters: {"id"=>"5"}
  [1m[36mStudent Load (1.4ms)[0m  [1mSELECT  "students".* FROM "students" WHERE "students"."id" = ? LIMIT 1[0m  [["id", 5]]
  Rendered students/show.html.erb within layouts/application (0.4ms)
Completed 200 OK in 55ms (Views: 22.7ms | ActiveRecord: 3.7ms)


Started GET "/schoolclasses/new" for ::1 at 2018-04-12 01:07:10 -0400

ActionController::RoutingError (No route matches [GET] "/schoolclasses/new"):
  actionpack (4.2.10) lib/action_dispatch/middleware/debug_exceptions.rb:21:in `call'
  actionpack (4.2.10) lib/action_dispatch/middleware/show_exceptions.rb:30:in `call'
  railties (4.2.10) lib/rails/rack/logger.rb:38:in `call_app'
  railties (4.2.10) lib/rails/rack/logger.rb:20:in `block in call'
  activesupport (4.2.10) lib/active_support/tagged_logging.rb:68:in `block in tagged'
  activesupport (4.2.10) lib/active_support/tagged_logging.rb:26:in `tagged'
  activesupport (4.2.10) lib/active_support/tagged_logging.rb:68:in `tagged'
  railties (4.2.10) lib/rails/rack/logger.rb:20:in `call'
  actionpack (4.2.10) lib/action_dispatch/middleware/request_id.rb:21:in `call'
  rack (1.6.9) lib/rack/methodoverride.rb:22:in `call'
  rack (1.6.9) lib/rack/runtime.rb:18:in `call'
  activesupport (4.2.10) lib/active_support/cache/strategy/local_cache_middleware.rb:28:in `call'
  rack (1.6.9) lib/rack/lock.rb:17:in `call'
  actionpack (4.2.10) lib/action_dispatch/middleware/static.rb:120:in `call'
  rack (1.6.9) lib/rack/sendfile.rb:113:in `call'
  railties (4.2.10) lib/rails/engine.rb:518:in `call'
  railties (4.2.10) lib/rails/application.rb:165:in `call'
  rack (1.6.9) lib/rack/lock.rb:17:in `call'
  rack (1.6.9) lib/rack/content_length.rb:15:in `call'
  rack (1.6.9) lib/rack/handler/webrick.rb:88:in `service'
  /Users/JayZonday/.rvm/rubies/ruby-2.3.3/lib/ruby/2.3.0/webrick/httpserver.rb:140:in `service'
  /Users/JayZonday/.rvm/rubies/ruby-2.3.3/lib/ruby/2.3.0/webrick/httpserver.rb:96:in `run'
  /Users/JayZonday/.rvm/rubies/ruby-2.3.3/lib/ruby/2.3.0/webrick/server.rb:296:in `block in start_thread'


  Rendered /Users/JayZonday/.rvm/gems/ruby-2.3.3/gems/actionpack-4.2.10/lib/action_dispatch/middleware/templates/rescues/_trace.html.erb (1.7ms)
  Rendered /Users/JayZonday/.rvm/gems/ruby-2.3.3/gems/actionpack-4.2.10/lib/action_dispatch/middleware/templates/routes/_route.html.erb (2.4ms)
  Rendered /Users/JayZonday/.rvm/gems/ruby-2.3.3/gems/actionpack-4.2.10/lib/action_dispatch/middleware/templates/routes/_table.html.erb (4.4ms)
  Rendered /Users/JayZonday/.rvm/gems/ruby-2.3.3/gems/actionpack-4.2.10/lib/action_dispatch/middleware/templates/rescues/_request_and_response.html.erb (1.6ms)
  Rendered /Users/JayZonday/.rvm/gems/ruby-2.3.3/gems/actionpack-4.2.10/lib/action_dispatch/middleware/templates/rescues/routing_error.html.erb within rescues/layout (158.7ms)


Started GET "/schoolclass/new" for ::1 at 2018-04-12 01:07:15 -0400

ActionController::RoutingError (No route matches [GET] "/schoolclass/new"):
  actionpack (4.2.10) lib/action_dispatch/middleware/debug_exceptions.rb:21:in `call'
  actionpack (4.2.10) lib/action_dispatch/middleware/show_exceptions.rb:30:in `call'
  railties (4.2.10) lib/rails/rack/logger.rb:38:in `call_app'
  railties (4.2.10) lib/rails/rack/logger.rb:20:in `block in call'
  activesupport (4.2.10) lib/active_support/tagged_logging.rb:68:in `block in tagged'
  activesupport (4.2.10) lib/active_support/tagged_logging.rb:26:in `tagged'
  activesupport (4.2.10) lib/active_support/tagged_logging.rb:68:in `tagged'
  railties (4.2.10) lib/rails/rack/logger.rb:20:in `call'
  actionpack (4.2.10) lib/action_dispatch/middleware/request_id.rb:21:in `call'
  rack (1.6.9) lib/rack/methodoverride.rb:22:in `call'
  rack (1.6.9) lib/rack/runtime.rb:18:in `call'
  activesupport (4.2.10) lib/active_support/cache/strategy/local_cache_middleware.rb:28:in `call'
  rack (1.6.9) lib/rack/lock.rb:17:in `call'
  actionpack (4.2.10) lib/action_dispatch/middleware/static.rb:120:in `call'
  rack (1.6.9) lib/rack/sendfile.rb:113:in `call'
  railties (4.2.10) lib/rails/engine.rb:518:in `call'
  railties (4.2.10) lib/rails/application.rb:165:in `call'
  rack (1.6.9) lib/rack/lock.rb:17:in `call'
  rack (1.6.9) lib/rack/content_length.rb:15:in `call'
  rack (1.6.9) lib/rack/handler/webrick.rb:88:in `service'
  /Users/JayZonday/.rvm/rubies/ruby-2.3.3/lib/ruby/2.3.0/webrick/httpserver.rb:140:in `service'
  /Users/JayZonday/.rvm/rubies/ruby-2.3.3/lib/ruby/2.3.0/webrick/httpserver.rb:96:in `run'
  /Users/JayZonday/.rvm/rubies/ruby-2.3.3/lib/ruby/2.3.0/webrick/server.rb:296:in `block in start_thread'


  Rendered /Users/JayZonday/.rvm/gems/ruby-2.3.3/gems/actionpack-4.2.10/lib/action_dispatch/middleware/templates/rescues/_trace.html.erb (1.4ms)
  Rendered /Users/JayZonday/.rvm/gems/ruby-2.3.3/gems/actionpack-4.2.10/lib/action_dispatch/middleware/templates/routes/_route.html.erb (2.0ms)
  Rendered /Users/JayZonday/.rvm/gems/ruby-2.3.3/gems/actionpack-4.2.10/lib/action_dispatch/middleware/templates/routes/_table.html.erb (10.7ms)
  Rendered /Users/JayZonday/.rvm/gems/ruby-2.3.3/gems/actionpack-4.2.10/lib/action_dispatch/middleware/templates/rescues/_request_and_response.html.erb (1.4ms)
  Rendered /Users/JayZonday/.rvm/gems/ruby-2.3.3/gems/actionpack-4.2.10/lib/action_dispatch/middleware/templates/rescues/routing_error.html.erb within rescues/layout (153.0ms)


Started GET "/school_class/new" for ::1 at 2018-04-12 01:07:23 -0400

ActionController::RoutingError (No route matches [GET] "/school_class/new"):
  actionpack (4.2.10) lib/action_dispatch/middleware/debug_exceptions.rb:21:in `call'
  actionpack (4.2.10) lib/action_dispatch/middleware/show_exceptions.rb:30:in `call'
  railties (4.2.10) lib/rails/rack/logger.rb:38:in `call_app'
  railties (4.2.10) lib/rails/rack/logger.rb:20:in `block in call'
  activesupport (4.2.10) lib/active_support/tagged_logging.rb:68:in `block in tagged'
  activesupport (4.2.10) lib/active_support/tagged_logging.rb:26:in `tagged'
  activesupport (4.2.10) lib/active_support/tagged_logging.rb:68:in `tagged'
  railties (4.2.10) lib/rails/rack/logger.rb:20:in `call'
  actionpack (4.2.10) lib/action_dispatch/middleware/request_id.rb:21:in `call'
  rack (1.6.9) lib/rack/methodoverride.rb:22:in `call'
  rack (1.6.9) lib/rack/runtime.rb:18:in `call'
  activesupport (4.2.10) lib/active_support/cache/strategy/local_cache_middleware.rb:28:in `call'
  rack (1.6.9) lib/rack/lock.rb:17:in `call'
  actionpack (4.2.10) lib/action_dispatch/middleware/static.rb:120:in `call'
  rack (1.6.9) lib/rack/sendfile.rb:113:in `call'
  railties (4.2.10) lib/rails/engine.rb:518:in `call'
  railties (4.2.10) lib/rails/application.rb:165:in `call'
  rack (1.6.9) lib/rack/lock.rb:17:in `call'
  rack (1.6.9) lib/rack/content_length.rb:15:in `call'
  rack (1.6.9) lib/rack/handler/webrick.rb:88:in `service'
  /Users/JayZonday/.rvm/rubies/ruby-2.3.3/lib/ruby/2.3.0/webrick/httpserver.rb:140:in `service'
  /Users/JayZonday/.rvm/rubies/ruby-2.3.3/lib/ruby/2.3.0/webrick/httpserver.rb:96:in `run'
  /Users/JayZonday/.rvm/rubies/ruby-2.3.3/lib/ruby/2.3.0/webrick/server.rb:296:in `block in start_thread'


  Rendered /Users/JayZonday/.rvm/gems/ruby-2.3.3/gems/actionpack-4.2.10/lib/action_dispatch/middleware/templates/rescues/_trace.html.erb (1.7ms)
  Rendered /Users/JayZonday/.rvm/gems/ruby-2.3.3/gems/actionpack-4.2.10/lib/action_dispatch/middleware/templates/routes/_route.html.erb (1.7ms)
  Rendered /Users/JayZonday/.rvm/gems/ruby-2.3.3/gems/actionpack-4.2.10/lib/action_dispatch/middleware/templates/routes/_table.html.erb (1.4ms)
  Rendered /Users/JayZonday/.rvm/gems/ruby-2.3.3/gems/actionpack-4.2.10/lib/action_dispatch/middleware/templates/rescues/_request_and_response.html.erb (1.4ms)
  Rendered /Users/JayZonday/.rvm/gems/ruby-2.3.3/gems/actionpack-4.2.10/lib/action_dispatch/middleware/templates/rescues/routing_error.html.erb within rescues/layout (142.2ms)


Started GET "/school_classes/new" for ::1 at 2018-04-12 01:07:54 -0400
Processing by SchoolClassesController#new as HTML
  Rendered school_classes/new.html.erb within layouts/application (2.3ms)
Completed 200 OK in 32ms (Views: 24.4ms | ActiveRecord: 0.5ms)


Started POST "/school_classes" for ::1 at 2018-04-12 01:08:09 -0400
Processing by SchoolClassesController#create as HTML
  Parameters: {"utf8"=>"✓", "authenticity_token"=>"ztQtlGw7twrWJfOCTer9K1JMWqGR7DILFdnk637bLBSmDP9eAG7gzIV+g0Zj39xcLy8mzCXKLZ3owSR3accC4w==", "school_class"=>{"title"=>"Hitory", "room_number"=>"20"}, "commit"=>"Create School class"}
  [1m[35m (0.1ms)[0m  begin transaction
  [1m[36mSQL (0.5ms)[0m  [1mINSERT INTO "school_classes" ("title", "room_number", "created_at", "updated_at") VALUES (?, ?, ?, ?)[0m  [["title", "Hitory"], ["room_number", 20], ["created_at", "2018-04-12 05:08:09.967474"], ["updated_at", "2018-04-12 05:08:09.967474"]]
  [1m[35m (1.1ms)[0m  commit transaction
Redirected to http://localhost:3000/school_classes/1
Completed 302 Found in 6ms (ActiveRecord: 1.7ms)


Started GET "/school_classes/1" for ::1 at 2018-04-12 01:08:09 -0400
Processing by SchoolClassesController#show as HTML
  Parameters: {"id"=>"1"}
  [1m[36mSchoolClass Load (0.2ms)[0m  [1mSELECT  "school_classes".* FROM "school_classes" WHERE "school_classes"."id" = ? LIMIT 1[0m  [["id", 1]]
  Rendered school_classes/show.html.erb within layouts/application (0.4ms)
Completed 200 OK in 24ms (Views: 22.3ms | ActiveRecord: 0.2ms)


Started POST "/school_classes" for ::1 at 2018-04-12 01:08:27 -0400
Processing by SchoolClassesController#create as HTML
  Parameters: {"utf8"=>"✓", "authenticity_token"=>"ztQtlGw7twrWJfOCTer9K1JMWqGR7DILFdnk637bLBSmDP9eAG7gzIV+g0Zj39xcLy8mzCXKLZ3owSR3accC4w==", "school_class"=>{"title"=>"Hitory", "room_number"=>"4"}, "commit"=>"Create School class"}
  [1m[35m (0.1ms)[0m  begin transaction
  [1m[36mSQL (0.5ms)[0m  [1mINSERT INTO "school_classes" ("title", "room_number", "created_at", "updated_at") VALUES (?, ?, ?, ?)[0m  [["title", "Hitory"], ["room_number", 4], ["created_at", "2018-04-12 05:08:27.201713"], ["updated_at", "2018-04-12 05:08:27.201713"]]
  [1m[35m (1.0ms)[0m  commit transaction
Redirected to http://localhost:3000/school_classes/2
Completed 302 Found in 5ms (ActiveRecord: 1.6ms)


Started GET "/school_classes/2" for ::1 at 2018-04-12 01:08:27 -0400
Processing by SchoolClassesController#show as HTML
  Parameters: {"id"=>"2"}
  [1m[36mSchoolClass Load (0.2ms)[0m  [1mSELECT  "school_classes".* FROM "school_classes" WHERE "school_classes"."id" = ? LIMIT 1[0m  [["id", 2]]
  Rendered school_classes/show.html.erb within layouts/application (0.1ms)
Completed 200 OK in 24ms (Views: 22.1ms | ActiveRecord: 0.2ms)


Started GET "/school_classes/2" for ::1 at 2018-04-12 01:08:32 -0400
Processing by SchoolClassesController#show as HTML
  Parameters: {"id"=>"2"}
  [1m[35mSchoolClass Load (0.3ms)[0m  SELECT  "school_classes".* FROM "school_classes" WHERE "school_classes"."id" = ? LIMIT 1  [["id", 2]]
  Rendered school_classes/show.html.erb within layouts/application (0.1ms)
Completed 200 OK in 19ms (Views: 17.4ms | ActiveRecord: 0.3ms)


Started GET "/school_classes/2" for ::1 at 2018-04-12 01:09:34 -0400
Processing by SchoolClassesController#show as HTML
  Parameters: {"id"=>"2"}
  [1m[36mSchoolClass Load (0.1ms)[0m  [1mSELECT  "school_classes".* FROM "school_classes" WHERE "school_classes"."id" = ? LIMIT 1[0m  [["id", 2]]
  Rendered school_classes/show.html.erb within layouts/application (0.5ms)
Completed 200 OK in 20ms (Views: 18.9ms | ActiveRecord: 0.1ms)


Started POST "/school_classes" for ::1 at 2018-04-12 01:09:48 -0400
Processing by SchoolClassesController#create as HTML
  Parameters: {"utf8"=>"✓", "authenticity_token"=>"ztQtlGw7twrWJfOCTer9K1JMWqGR7DILFdnk637bLBSmDP9eAG7gzIV+g0Zj39xcLy8mzCXKLZ3owSR3accC4w==", "school_class"=>{"title"=>"History", "room_number"=>"4"}, "commit"=>"Create School class"}
  [1m[35m (0.1ms)[0m  begin transaction
  [1m[36mSQL (0.4ms)[0m  [1mINSERT INTO "school_classes" ("title", "room_number", "created_at", "updated_at") VALUES (?, ?, ?, ?)[0m  [["title", "History"], ["room_number", 4], ["created_at", "2018-04-12 05:09:48.432092"], ["updated_at", "2018-04-12 05:09:48.432092"]]
  [1m[35m (1.2ms)[0m  commit transaction
Redirected to http://localhost:3000/school_classes/3
Completed 302 Found in 5ms (ActiveRecord: 1.7ms)


Started GET "/school_classes/3" for ::1 at 2018-04-12 01:09:48 -0400
Processing by SchoolClassesController#show as HTML
  Parameters: {"id"=>"3"}
  [1m[36mSchoolClass Load (0.1ms)[0m  [1mSELECT  "school_classes".* FROM "school_classes" WHERE "school_classes"."id" = ? LIMIT 1[0m  [["id", 3]]
  Rendered school_classes/show.html.erb within layouts/application (0.1ms)
Completed 200 OK in 21ms (Views: 19.3ms | ActiveRecord: 0.1ms)


Started GET "/school_classes/3/edit" for ::1 at 2018-04-12 01:15:09 -0400
Processing by SchoolClassesController#edit as HTML
  Parameters: {"id"=>"3"}
  Rendered school_classes/edit.html.erb within layouts/application (0.4ms)
Completed 200 OK in 21ms (Views: 20.8ms | ActiveRecord: 0.0ms)


Started GET "/school_classes/3/edit" for ::1 at 2018-04-12 01:15:31 -0400
Processing by SchoolClassesController#edit as HTML
  Parameters: {"id"=>"3"}
  Rendered school_classes/edit.html.erb within layouts/application (0.1ms)
Completed 200 OK in 20ms (Views: 19.7ms | ActiveRecord: 0.0ms)


Started GET "/students/3/edit" for ::1 at 2018-04-12 01:15:38 -0400
Processing by StudentsController#edit as HTML
  Parameters: {"id"=>"3"}
  [1m[35mStudent Load (0.1ms)[0m  SELECT  "students".* FROM "students" WHERE "students"."id" = ? LIMIT 1  [["id", 3]]
  Rendered students/edit.html.erb within layouts/application (2.2ms)
Completed 200 OK in 31ms (Views: 24.2ms | ActiveRecord: 0.7ms)


Started PATCH "/students/3" for ::1 at 2018-04-12 01:15:44 -0400
Processing by StudentsController#update as HTML
  Parameters: {"utf8"=>"✓", "authenticity_token"=>"AHaazH2cVeCe2DkFCZUFQG8Vy97/EGk5xvdi6wLZQoVorkgGEckCJs2DScEnoCQ3Ena3s0s2dq8776J3FcVscg==", "student"=>{"first_name"=>"f", "last_name"=>"9"}, "commit"=>"Update Student", "id"=>"3"}
  [1m[36mStudent Load (0.1ms)[0m  [1mSELECT  "students".* FROM "students" WHERE "students"."id" = ? LIMIT 1[0m  [["id", 3]]
  [1m[35m (0.1ms)[0m  begin transaction
  [1m[36mSQL (0.5ms)[0m  [1mUPDATE "students" SET "last_name" = ?, "updated_at" = ? WHERE "students"."id" = ?[0m  [["last_name", "9"], ["updated_at", "2018-04-12 05:15:44.392472"], ["id", 3]]
  [1m[35m (1.0ms)[0m  commit transaction
Redirected to http://localhost:3000/students/3
Completed 302 Found in 7ms (ActiveRecord: 1.7ms)


Started GET "/students/3" for ::1 at 2018-04-12 01:15:44 -0400
Processing by StudentsController#show as HTML
  Parameters: {"id"=>"3"}
  [1m[36mStudent Load (0.1ms)[0m  [1mSELECT  "students".* FROM "students" WHERE "students"."id" = ? LIMIT 1[0m  [["id", 3]]
  Rendered students/show.html.erb within layouts/application (0.1ms)
Completed 200 OK in 20ms (Views: 18.5ms | ActiveRecord: 0.1ms)
